17036
2676
26266
9706
22012
17962
5279
24861
27153
8993
20694
4885
1907
4369
4498
13659
6282
17028
9275
11719
6089
10696
18883
22692
2939
22673
20064
7149
26665
2916
4293
4868
5595
27738
3680
28704
31803
16506
16348
6523
26580
18735
14340
13335
31288
13054
26515
28237
316
6744
4475
21005
22948
18026
25662
19419
10209
9937
9311
28364
16696
21629
1307
27645
12179
25831
4945
20444
6640
28030
28686
14723
778
1433
8297
1101
26312
29044
13955
26171
11259
29664
6538
20943
6344
29599
3392
28730
8270
737
2195
32504
25529
14696
31917
18460
23375
10629
27682
19991
1963
4971
24214
21336
15534
27328
4831
28843
1945
26297
32298
13872
16145
13479
32028
18278
7871
9781
7193
14062
22284
32212
32718
20484
20701
754
5201
22221
20125
22121
15912
27918
14944
6874
7020
23552
12117
7975
23962
11334
24012
13923
9593
22986
31756
857
22118
28216
9510
31068
9326
21405
30229
7363
30683
26794
8916
14404
4250
5044
16363
27217
3199
28018
30578
30696
12163
29030
28435
28273
21647
12536
5160
30664
5660
10197
20312
12580
28151
6711
18055
30940
23002
10433
8144
8375
25699
9996
14895
3040
11745
5214
24809
30742
31321
29684
13649
22838
6760
12689
11656
29434
753
13043
32583
10174
20780
23158
10906
53
20726
22261
5814
8810
2900
29013
4725
19092
24389
19645
15859
8793
11853
17799
22088
9647
3390
30797
11063
15956
7376
9663
9800
18000
11905
8960
29098
24794
14196
13915
9643
1491
6881
22077
29275
20079
6416
31597
24604
1726
23303
13114
24282
30357
23683
20015
29798
4935
14529
4307
16819
22161
25111
30527
23161
31898
167
21790
19307
3535
8034
31369
30745
22648
12617
16967
26698
2869
18046
13676
1101
18789
16843
17704
15117
14460
3106
11495
14531
10274
2793
5735
31882
27781
14158
12755
15742
27160
2863
839
21092
28921
11622
21295
705
2563
6824
19735
21274
31328
24435
16756
30810
1155
4302
25368
1774
4290
25902
1605
17963
2629
21660
32392
27414
18630
27711
25391
24713
30865
7658
14406
17304
25320
4953
27316
1193
16954
13990
27477
29204
20390
28358
10904
10264
6530
17318
27431
31011
14551
27069
21877
20405
12422
1794
14654
26207
5964
12615
2724
27415
21667
21224
13392
17947
16525
12037
19301
10581
22283
23564
21257
15876
20971
28326
32266
4281
1456
1148
4074
30339
15914
32038
2867
3467
19613
7983
26472
32276
1949
8354
12347
16749
13527
16621
16414
3754
32761
26774
8666
8309
6089
23278
1840
10357
20136
17630
3234
2328
11276
9329
19082
29751
231
24797
29474
28529
10192
30183
27494
12096
13275
10101
8309
9572
28247
13790
10689
1993
25717
30066
12289
16713
15714
5146
2059
22462
6928
28017
21940
27804
14903
7870
651
14653
32601
31700
22586
31530
19225
3849
20526
20974
12603
20368
13016
10772
22206
10445
25494
26560
5014
31661
25635
32631
9519
834
8718
31642
31753
21532
13118
23440
4848
28148
24895
4052
19057
28061
10814
3186
19447
29978
6997
14331
28921
16741
4723
29614
24080
7940
905
21619
3139
16448
32164
21027
19204
6540
27312
4861
31024
30546
23094
17190
8234
22317
31846
26556
2653
11037
8955
12235
5387
19034
6682
17428
8047
23360
7383
7564
2377
29253
25947
32685
25629
24955
1195
20147
5955
27500
21212
12300
6499
3835
14395
28131
29659
1063
19259
23880
21814
8912
9916
20655
17210
17152
22468
24094
13167
24376
11917
18589
23220
3065
22291
19599
3843
13670
25586
29118
12553
32601
26235
24594
25179
6915
12465
27037
5451
14954
16203
861
9273
14228
9116
2652
19548
25283
14549
24303
25943
31106
26766
27077
15150
9757
22506
2458
1163
25846
10771
2928
3181
29607
8045
29776
30420
8203
642
28262
13818
28865
11773
32115
24028
15577
1081
5378
5097
28560
10659
16087
13254
19656
15210
27644
18708
27684
24028
17923
6853
22480
14035
3064
4750
26477
32114
4066
3280
24155
22035
22442
31600
18368
12348
22591
27644
6438
18052
18096
29165
16169
26303
20503
16056
29089
11833
23156
5478
12913
21925
27984
23226
16162
8143
7813
22591
21124
7957
18101
24530
28880
3703
27344
17264
13657
4093
31828
3396
11998
16446
18593
26728
24549
25885
1830
31951
11829
16671
9129
32632
16184
9763
5949
29708
32480
24559
31089
12214
774
23701
27139
6452
28771
9234
20891
13636
24658
31707
1181
15289
2970
22065
28841
5142
2420
17710
30121
1699
21990
11205
16023
28907
31195
21624
12892
31824
10657
25280
25995
19026
1664
7056
24501
8798
3086
7368
18504
8439
2566
19794
3398
11378
9495
23493
14560
8305
6547
9393
12543
28922
67
26150
30007
10613
1648
26587
30954
8228
24508
20783
10308
18366
14086
13314
4367
9254
29877
26360
25354
30667
439
12892
1299
20421
17696
22568
20648
27816
20333
13751
23448
32229
31147
28209
1622
13481
4131
10875
17976
20002
22506
32103
5515
890
29078
1636
20057
32578
1016
14322
7807
31524
18580
12010
13190
27036
21965
23687
32268
7850
925
653
20888
10290
15389
28526
15264
21346
1280
26328
15462
31384
22464
12924
6105
22309
6288
26904
18942
31285
29023
22431
19750
5858
9998
16111
26073
16808
13547
20561
7390
26970
24034
30644
2443
11945
2557
26772
27254
18070
26501
27567
2863
32458
15923
17248
1990
12630
9939
11973
18782
1103
5234
8200
9168
20237
3007
19025
19795
22809
18807
26615
13241
4237
16162
1764
7731
231
23679
21554
30889
16835
3981
20150
11426
29907
30622
28244
32442
8044
2420
21658
2458
11514
1590
27077
19157
5933
24680
3518
30319
12097
8510
10288
2147
22150
10321
7578
8814
11005
6464
27490
3846
4651
2575
6210
22910
7821
856
14518
31940
18119
26
424
4798
19639
16259
29538
20040
10993
26361
7276
9465
10834
13577
13573
12663
6835
12479
1604
4039
7734
2295
18993
7847
5882
18292
26708
11660
25924
32388
23846
8671
22281
14800
24957
32133
17838
28645
20947
16065
9760
12405
9283
22345
19703
9658
10062
8563
9855
31346
4099
24164
9612
16017
31782
22568
28661
332
656
28191
3062
26255
31249
11360
796
24915
13615
17540
23683
29005
6637
17093
18779
18756
15605
21932
26095
19043
25695
25763
13602
29673
6356
12200
4405
30395
15248
4097
27966
11902
12415
11626
22767
28590
13593
19922
22606
13114
282
29925
15491
5687
12307
27461
18174
7472
27991
16564
10348
31745
27477
17532
26587
8021
10835
30972
16084
11136
32388
14738
27250
3688
31159
2161
28314
26276
22040
3496
26436
19827
27051
12451
29098
31614
17108
3534
28440
22194
3977
17308
22653
12348
31691
6519
11145
27313
23990
7171
25479
31440
3279
6489
22673
26616
27854
29143
12231
690
8113
28297
7562
381
29270
14601
9925
30178
3021
24982
2345
3917
24237
28597
10840
6487
19362
9404
24893
7764
15785
17333
23879
3342
24137
26439
17039
27324
3676
3572
25841
11829
24553
3032
17217
3463
29458
29234
26965
29435
30294
24082
10128
9366
14523
13174
11150
6995
1904
7906
22812
4872
13075
32616
21748
1845
20079
1184
22867
8951
9198
398
24988
27126
27352
10185
11760
7567
26420
21945
16556
304
16765
15609
17958
14496
20930
24521
18401
18605
31643
21930
15550
5377
19703
11975
11677
29117
27156
29828
25050
21115
26196
29293
3806
15712
7974
9475
9022
23784
11324
20397
15849
11693
24359
16176
11358
5646
13932
15221
13869
4867
25204
28789
20634
22514
31753
1854
15848
2549
872
29396
3063
13828
28617
5990
28164
6349
5353
28803
28763
9161
12110
32405
2708
19294
18455
32077
31692
26036
11986
13060
235
26399
18732
1794
23102
21447
26913
10497
14285
11542
10187
14794
14166
10869
2056
30889
19252
4202
23144
1425
10139
2057
11519
21225
31873
13886
30639
20092
28236
31451
26515
2239
3484
10616
18570
1541
310
15272
19555
9514
16097
22038
6039
25003
31516
10518
14201
11740
9382
17254
7649
31562
4013
23192
31211
733
12731
16461
17451
1045
15235
23134
10548
24435
5647
28010
31730
28384
27205
31494
6724
1632
19922
19223
5037
2070
13130
6795
21757
25002
8346
9059
24882
22768
11951
7240
29278
18764
23923
285
22620
10204
5322
520
14228
6833
4310
6487
28446
24578
18579
18
22792
23600
6231
17264
14850
14199
10292
3932
13030
24802
18353
30505
28637
25735
8454
28124
16537
14481
4670
24584
22750
4358
32159
1875
12728
22166
20809
18174
30491
18899
30303
6215
11633
10617
5931
14681
15440
29980
16293
13005
759
25041
5216
26491
1306
10225
29603
30253
16058
22765
24530
6352
13661
5079
13980
26626
5414
15166
5629
22008
25861
26390
3651
6404
8333
25524
29615
11662
29404
2148
209
23228
4337
620
7728
14259
510
3501
11695
28769
8642
30768
25055
20514
17689
12687
26503
345
14363
5206
14408
11578
29698
23264
21477
6899
29090
3065
13352
32114
8171
20495
23316
9343
22611
27658
19782
31600
6128
15493
29957
27813
26691
9366
8318
23387
23393
23425
7276
9988
13259
11075
4692
5441
14661
8446
18849
17346
4592
21210
4921
24472
20889
16812
11274
5186
15730
12763
31202
3310
10576
25758
32479
15359
13934
9785
10686
9730
10626
20068
21066
18387
10943
14078
8140
18963
28354
22636
22456
6641
23947
8871
10128
15846
278
9231
1741
21078
16380
30068
18710
30506
9320
30879
24811
1891
4793
27894
20730
6706
25912
25408
21803
14613
17066
32232
22865
10806
23452
11358
2479
2131
16200
18113
194
27596
30297
10791
1827
14630
6207
6910
15949
3134
22917
27059
13050
26490
12548
13917
21610
6787
19872
30065
31610
10686
10305
27439
13525
18368
13991
19123
24986
7422
17150
21060
11533
21579
24054
4514
31828
10087
6129
8019
24555
23361
12922
6029
20850
26814
16339
2555
27910
28892
15737
3670
1953
6359
27423
2091
28270
19065
30268
4060
30027
22645
14740
21161
12558
27505
26710
7801
25654
28350
14411
1630
16748
22845
26982
23129
19830
9711
13371
18081
17784
58
10705
318
13187
31923
9791
20324
26708
3788
12133
14374
30165
16614
31021
15212
22544
21520
2642
21673
22057
27523
4636
13997
21809
13852
10262
24077
21346
31025
16355
29738
10070
16085
24295
23542
19047
146
17385
20401
3715
4199
7132
16511
4335
4537
24931
28142
23276
30268
10626
17918
22890
26558
18108
5778
9032
3591
19158
25901
9351
17621
13911
20522
13826
6808
15479
22745
16510
23036
908
9755
32171
11856
18823
27295
15052
30543
1172
22828
4899
5389
24910
3508
22132
13086
9071
10134
6418
15771
11500
30329
12829
18271
19848
18662
17524
19171
21474
21503
24449
12706
13388
15474
12874
21587
17580
12371
18032
3227
18057
29771
7700
3244
16883
30258
31790
23082
17012
27333
877
4311
12945
8280
13214
9654
4755
17229
13033
11844
18643
29154
25645
8426
16035
32523
910
15413
26697
23910
31401
15704
32443
26710
1696
12921
30306
26698
32535
31743
24676
25230
12308
10029
21165
5960
19358
17009
9637
9302
20560
4568
12493
1721
31101
16511
30725
13077
19322
27987
6253
24637
6014
4742
18318
6360
23116
24016
22105
6472
27309
18269
25780
1991
23824
1943
9611
3608
28060
31037
26043
13223
19169
12169
27190
21239
5387
22320
15271
11378
15436
17260
17380
31669
22522
1255
2531
13962
17848
2935
31928
18524
22958
19830
9060
22829
19041
31042
12167
27107
21545
4018
19636
32209
22134
1826
31343
21654
26427
2332
26248
13644
24206
3580
16214
24191
14014
5103
3753
10590
3677
22058
1060
12865
8219
31293
3394
2675
15328
18910
15953
23856
14962
23497
8743
26230
7640
27841
7390
26659
1527
20654
8955
19173
8571
23096
22609
29020
3000
8840
16905
6508
16888
20445
154
19991
31383
29452
13982
6740
13686
7622
23916
12156
13114
30645
24461
22048
10766
22372
3135
16756
28551
14759
24890
32238
14428
17642
13812
19941
10009
10000
25386
31757
22736
1880
31313
5753
8861
4466
3560
22715
10211
22238
14578
17989
32717
10772
13113
3943
25196
17548
24888
29243
20555
4320
3908
24578
21820
32129
25192
25056
23075
2496
28244
29131
7345
31613
31012
19096
26452
24562
11852
17934
7552
4091
31504
32559
2549
4045
13571
6492
9833
26291
11954
30885
25786
3204
27335
31096
601
29616
24564
18463
18655
22758
7490
31753
27314
30139
27437
13604
3158
6376
24396
19222
19459
32157
4966
27380
936
21030
23917
31899
18801
22929
314
22712
15191
10434
4528
25774
10961
19361
32446
6195
29658
5749
10862
22989
30636
25960
16079
9565
16960
8070
24519
21014
27148
28491
24646
18734
2200
29725
24136
31712
31428
3947
28036
17537
16952
18565
20526
22510
9698
22854
23314
19808
7970
3801
5822
26084
31570
4708
2831
15671
12368
8541
5577
4930
2659
10383
25734
14953
30031
27168
2435
21736
28998
23791
9981
30585
23761
24137
25552
17392
6391
21017
8754
13394
20764
18227
13312
13851
18744
7791
19104
7798
31932
22660
7511
22317
1674
7730
10422
26000
30908
22226
11469
1623
1380
16166
1756
8042
8406
5562
6921
16977
5437
30097
23441
11098
27182
4202
26323
23509
17977
31079
2195
2778
6055
10147
5655
32
4488
5392
9390
21587
28515
566
26398
15776
6989
3581
5583
6936
1136
9627
3776
3247
1656
31273
18921
593
17487
16241
28286
12478
10800
27115
25324
7968
9142
19853
2412
23193
9369
1910
6477
27282
17955
18647
24699
1914
2162
13167
29322
2291
13629
25441
16702
10098
27969
765
21245
10922
23795
10742
5295
17163
24844
1201
10712
27522
32635
7173
22065
29695
14446
24601
24992
3266
20442
13885
10459
29642
9139
25589
11641
5570
5422
15054
24003
2066
7569
19390
30595
26574
19503
18492
14393
32531
32251
16558
15141
6998
23406
15689
11824
30727
13278
27021
31559
10961
7942
4542
3489
1616
5945
31285
32539
26363
14433
11626
15676
32250
22390
12795
6833
13031
8913
32201
19872
27842
30364
16213
6350
11264
22724
27029
23150
3986
25533
13566
24303
21825
23444
10045
26952
9374
8229
8008
28357
29288
16064
1715
9871
14927
24399
24857
32211
20039
20738
4295
16707
14153
22435
18755
1011
32288
1739
8545
17480
1241
5014
12890
3762
30615
13589
15115
1915
21653
13279
21461
30756
8478
29279
31051
23118
1956
20254
6218
16286
30259
27617
9808
8788
25641
3490
9823
30042
11386
20703
15965
336
31808
28338
6107
19488
32472
19992
20074
23522
31748
4306
10308
9810
10789
13525
18509
5484
14199
12978
27748
19916
21574
25039
10140
20292
7026
6834
27252
10008
26510
22071
28132
21346
6974
19663
22546
9304
25626
12555
26608
28569
31739
22177
7920
19506
15441
11739
23538
5622
5806
14086
17702
24406
22593
13616
14807
5421
28484
12737
5077
20810
11264
24712
16573
5208
18922
25914
25743
14140
7384
20356
1504
23941
26273
29311
8106
9830
4250
7873
23878
17674
20204
3141
20337
23918
11641
3886
28933
13818
20045
16767
6614
27457
17844
19289
6740
20978
16699
12033
2866
20861
1300
15078
6262
3993
22126
32023
3798
12154
16659
30841
289
18777
14298
27706
8768
17011
22520
10667
30502
14725
9083
32023
11838
6951
16084
2670
26033
5324
10882
30581
29137
2494
28210
17964
17217
10473
11564
19924
18534
18283
31290
21380
13017
5695
11102
1567
2208
26877
1710
18403
17081
11336
26911
9135
23901
20248
28117
4053
8159
13072
11531
25575
32227
24715
5846
668
9178
3967
6596
23985
15059
18085
7728
16130
23438
108
21898
31055
25885
5783
24956
25318
1940
13708
15422
24042
22165
7043
4335
1941
2368
3622
11023
6167
19054
8753
28578
20109
23650
19704
23078
13646
18894
17853
19681
26915
15994
30351
23303
18998
19184
29314
25060
3585
13132
8033
23141
25701
23621
24409
31667
28114
16549
19781
3480
10866
28195
27675
32333
12375
30728
3125
7255
16621
15698
8378
20203
21033
12342
18887
32060
11688
16334
14994
892
29025
17575
21280
7852
31158
24468
14342
21653
10936
17403
15124
21469
30597
28822
25060
29984
17310
1028
22005
32022
21315
11299
22358
27933
15475
31000
28875
15607
7455
2339
11558
23317
24431
19145
4181
27052
25952
14148
9691
7896
18793
17576
8095
19552
23884
23902
2513
19766
23189
10477
7025
24229
17560
1087
3590
28704
29890
15330
10147
26818
21398
15889
10774
16500
10410
237
1019
9328
24855
32023
15716
10700
24724
25846
9851
8628
24274
23774
6863
16453
5876
5328
12563
3902
26206
24063
22498
31782
31666
14443
20321
18047
27644
3555
26316
1219
24421
4069
8636
24580
22703
7783
17812
12330
29109
22336
309
27469
26845
14151
23118
28825
8159
8760
17825
9076
25608
8951
12442
31627
5567
24642
11149
4736
15508
28495
29682
17526
26428
20526
7316
26658
27451
4910
22231
4272
25216
4000
5350
11274
953
6087
20069
474
23338
31570
7228
31828
10583
14732
27192
10487
18087
21052
3972
28895
29434
8520
12697
28954
4513
10097
14855
31787
17230
23510
6759
2254
19077
14921
20177
14749
10868
103
13564
13389
31658
7096
29106
3661
6121
6183
29361
32370
19252
31618
12488
26372
26953
22209
14888
25544
12687
27148
31444
17737
4017
28903
8344
8866
24038
25073
29421
25526
30970
3811
31571
24866
11507
10597
21423
11921
627
32716
28983
1712
14779
28512
19713
6494
17889
29761
29794
2657
13275
18146
23774
12670
5744
28241
9661
29409
14741
4098
20508
11590
2967
12154
20464
27211
14293
15805
5550
32142
11883
6314
25121
7649
23534
2259
31849
32532
22232
14198
22169
10317
9808
1129
13319
31246
23383
26977
4305
21114
6306
26971
12037
18850
26752
26695
16216
32060
3812
27573
2049
13861
2331
2646
28253
20490
2587
12884
23114
28331
18251
25788
19702
1066
8684
15093
22502
4033
3818
18173
19984
11208
627
27365
11421
11377
23463
22338
595
20063
1101
12737
17759
10166
25642
15133
12401
29807
32138
10811
22026
30472
25774
9182
3710
11667
17468
3236
8375
32210
13666
21488
27119
4482
3294
3636
13748
28997
3639
2137
15308
32695
29068
31685
25062
183
17361
3257
26723
29332
9809
23914
13350
23947
10458
21612
14291
16760
21092
20626
29375
11513
14472
8346
6302
32479
14707
25988
1267
17045
30707
9572
30505
20023
14125
15573
26226
27956
19755
29945
22426
4194
26170
4805
28223
8600
13083
28138
30314
744
32594
32541
31422
37
20598
14928
2824
23768
12363
12994
8485
19817
25301
15810
18884
7989
32081
29914
17550
5261
28394
26307
15332
12476
9531
8643
19335
21506
30934
18403
11770
15120
24453
18083
6077
13471
21567
6328
12420
25508
25915
23142
11570
27361
3109
32401
3888
23168
14090
18445
5243
28265
23184
436
9545
11867
8497
19459
9020
30201
27455
5755
5984
17144
22511
21605
32669
15290
23925
20514
12813
15048
15886
22792
30632
2879
32126
3227
14540
12908
4274
17926
24367
25362
30848
25896
22483
8515
27190
13555
957
7683
12806
18850
522
31980
12640
29083
13722
17991
10613
1389
22778
8915
3184
19250
1558
23115
18002
32175
16289
956
20743
31944
26787
21973
28813
26549
19755
754
32075
1449
22109
19194
8099
9818
5496
21204
7129
31430
8388
26372
2195
17159
9758
20766
14332
14962
16131
7814
9975
28969
23234
9168
19598
22748
28801
784
20920
19154
23533
23259
11814
1396
16946
13389
24061
22041
19391
17002
752
31481
9613
32059
25890
18259
29461
4378
4459
17961
24915
15425
30441
25727
1238
15522
30657
20120
32753
31139
23979
18154
20378
24169
26089
24488
17351
5450
23138
9244
22941
2665
12020
27872
12583
20473
13701
25657
7619
17639
20027
24062
32571
13167
30074
24206
27876
17649
19112
9716
25833
14899
11319
27948
5055
8409
18088
29138
16636
3854
4486
13468
5591
6565
24322
17165
10498
25906
23725
1797
8680
23401
960
26065
11127
17877
28424
11008
11716
27596
20605
28135
31215
25059
8247
21247
14269
13227
22666
3532
30711
15290
1562
25290
2522
6171
16891
31607
25236
778
14158
8609
1328
23371
18001
10172
31113
11775
27121
4725
25433
12571
10590
7093
24788
22782
20066
23279
16101
24178
18339
22804
22494
24068
11603
29983
7130
12314
13339
30898
12762
10551
4986
31450
14511
14489
32742
6703
12981
21703
2825
6652
4210
32419
22168
12755
27894
20166
22609
23050
9387
1464
16934
31969
26293
18560
2316
20566
3643
3963
31845
27044
22369
26415
29441
877
6866
5542
28171
27913
10490
2406
10662
9327
18027
25679
15988
25126
27094
14
24174
16063
15531
17274
15290
1350
23821
22288
31698
27900
14660
25236
8024
9678
13183
3844
3835
22252
21304
20637
7795
14576
24982
30297
31832
7448
28898
16215
11908
4588
29048
8273
20940
22813
13399
999
28585
25578
18577
187
8835
31119
28791
26853
14950
11696
13946
11711
29825
29174
31063
25263
7868
316
13695
23079
31121
18399
16105
675
19036
12028
17904
18119
27422
18329
23794
26095
2887
4731
3964
15643
29601
9020
22523
19545
11543
6477
15470
1604
4703
25800
10886
813
18804
2125
11690
12970
1777
23299
28682
16276
20771
6132
28307
5093
19214
15564
17606
22735
11844
11547
7835
6009
13369
26866
12840
9937
9294
22387
25468
14936
7478
5864
6711
25176
19332
7255
26409
28896
14549
30020
25199
12842
4203
6817
2052
30220
19050
19395
11145
1641
3920
10057
23246
18461
8612
27147
17070
19176
30575
20476
19184
5579
25846
1313
31972
12215
29055
25880
22738
30242
23579
18617
12730
28347
26381
11709
31478
2234
4333
1433
8357
25767
23916
14501
10266
30995
3340
27173
23276
29679
10273
22184
20901
18905
26946
5305
19734
14584
17359
8836
23114
21015
1539
28782
7547
8152
26127
12183
1117
5086
6474
240
22924
18437
24443
22335
2013
26134
3348
19662
4679
18756
25614
2066
1627
28220
18296
29079
12396
9175
13615
22849
22496
21985
23558
11017
8101
14516
21455
25697
28639
14996
7290
19656
3026
20148
16963
27385
16207
491
5455
16456
24096
25189
11297
28036
21215
20896
6268
6903
1192
31186
8854
31217
1168
26367
4990
2918
266
22706
23922
14990
2925
24961
1889
20351
15789
23431
21395
10296
21082
17964
16832
20261
22220
8417
26753
15148
8089
10446
13591
10825
30645
11960
4144
28126
22916
13835
25682
25414
17941
26702
8126
13059
20519
22205
15079
13926
4216
30811
24132
28337
31661
14311
26649
25621
28516
12973
19786
21854
23156
12721
13626
7543
16701
21427
18269
30461
13586
1894
5771
16122
14057
23031
9878
982
5146
26179
27415
30577
26103
5243
29094
31759
29010
3512
26170
5058
22580
1471
2849
22937
1240
14934
1119
15028
16410
16964
9587
20262
6843
16121
6271
26902
28084
1180
24426
17732
13794
18473
10481
2609
20129
30471
9323
12917
17793
28422
19017
9990
14337
5542
29858
31977
30682
20163
10994
12426
31542
22181
7221
7929
3932
6616
32663
28540
2987
11971
20189
22025
14802
9881
25317
24758
4809
8224
15877
29685
8369
30878
4745
13422
27206
19867
12819
20281
31881
23629
27371
4557
30631
10724
4527
12231
26998
2418
22174
24617
21969
24552
15918
1913
26316
1557
3672
392
25048
30715
9210
7941
9413
22576
26659
4502
19667
1659
12625
29304
27865
14895
12950
19961
21039
17154
31062
17838
22773
6984
21693
31514
6732
14145
21053
22035
15821
14677
11952
25635
27393
20683
25780
11046
6384
23843
25258
19283
2826
1492
27167
22293
21511
14621
29572
6671
28543
11731
21305
31485
9382
18021
21724
32071
30966
7031
28161
24013
28603
9106
6521
2838
1288
4042
23825
21281
16568
8605
32558
21706
24751
21682
11219
22248
17810
15460
6478
4265
8924
15120
30312
17452
32409
8957
23780
10346
3712
14513
10396
25082
15009
29557
16325
25843
14736
23198
27449
14024
9521
28622
5722
11008
15162
6025
30865
9233
6986
22949
11244
28664
15138
30717
13947
32314
25809
32031
11738
26988
20975
20354
2889
1863
3660
16446
30220
19905
4551
17310
6213
11980
10382
18224
29437
1214
3099
3829
10466
12174
29107
27084
6249
13133
23128
9290
7366
25720
16057
11208
32708
27525
11426
32750
1012
24475
4154
31795
7747
4932
9516
11535
3908
31027
10325
14154
32277
23907
21362
1969
19467
15612
384
16646
6242
1224
5162
3140
6644
8838
26512
16214
25438
3143
21772
17371
5579
29843
14782
11517
26576
21705
30330
832
2166
19397
18383
13726
17285
29258
8761
10506
1140
290
1410
30743
23696
16425
28036
9214
19332
4962
19498
8488
6374
29868
27393
23558
23592
30788
1270
21190
31463
3269
6433
32641
17712
29135
28581
1987
18335
21918
13085
31328
31783
6571
25832
26876
14595
5696
30455
9303
10217
30642
8724
28793
21271
16845
18544
288
31021
10997
32637
1273
20459
5394
9760
23223
22241
28509
30228
31116
7356
21308
16166
11741
13308
7817
26061
14355
8392
24706
5194
24980
24157
23459
18542
25465
23377
31800
25103
30341
26157
23145
22233
5047
4031
25054
27807
3346
18904
11118
1449
29772
30634
24057
25086
8283
4836
29841
14317
20729
14043
3574
22441
17772
21246
28542
29438
14283
8528
25037
4263
6224
1587
7215
4478
11326
21489
18002
22385
25525
9332
24476
17040
20074
21242
28213
10201
27269
2103
7209
9182
26714
19035
28930
27184
8981
32368
12500
19567
10949
14533
25983
13443
24178
22613
25335
27825
4553
30150
28504
7082
21506
28890
19662
14798
12971
6215
3408
12485
29357
23059
16214
589
19274
16055
8855
13902
23381
1564
21540
14620
5732
10461
1465
25661
2458
9697
31842
19891
19326
32520
6828
24550
16052
28667
847
26812
15765
14926
11043
13176
26654
18721
21231
31314
15508
27405
19895
22971
20518
9834
6842
25554
9993
25609
11936
15714
6918
28096
5329
825
24375
15027
28828
23958
16352
26643
2065
21058
3506
17956
10770
9350
2902
26646
21588
6476
1054
10154
18624
2078
15919
10779
6421
2592
3466
10097
13187
10380
10262
6500
18199
24225
18251
14430
25973
8940
21321
6542
32255
16942
6494
16934
2015
1148
2228
12450
4907
17412
9649
15581
2146
4362
19363
30635
12404
17522
24582
23929
23032
25711
29817
23541
30827
26881
1160
7770
29816
9482
1285
17583
27366
30709
18590
9946
22133
16634
31805
11576
5302
25665
14167
24274
26411
30935
4824
30712
4616
5232
30340
8011
20270
2239
29664
21114
2897
5235
11475
9188
6840
31826
2744
4943
18020
1118
25753
9888
7138
15700
4693
25918
26838
1753
18931
8647
16333
27216
24438
26535
10563
15382
3456
30291
26904
30371
26370
22325
31753
27587
28704
26260
13727
31481
5477
26214
29447
11967
16207
6481
16207
5757
13975
20090
18824
22174
29184
31583
26648
21911
1461
26520
25264
21498
7965
27552
31419
17314
7938
29912
22292
6059
9649
22341
17469
21136
2197
6948
11850
22212
9928
21719
4663
9270
8025
26080
9705
4014
15145
13305
27584
16690
2210
28979
27873
31145
26337
3569
1473
26021
30421
16788
8096
24597
24080
8656
591
26169
23910
30230
28760
29366
20271
14305
20535
3904
3881
10666
5274
22366
3762
6155
14740
17697
18704
4020
12096
20258
2694
12665
10984
3732
22265
11505
17926
850
19827
4476
7138
21821
18207
26973
13819
19961
15618
2547
31544
19591
2003
27979
7632
3911
7799
29270
5753
8165
17608
21713
9591
32100
2631
29718
4808
13955
12330
23791
32196
716
26559
27035
28679
4630
8587
22263
17719
28227
4577
1741
11511
24437
18752
17862
3759
14742
1214
2183
8646
9738
2401
27647
23079
4827
16254
8489
18366
11645
14078
9234
27868
1088
24606
101
16434
15407
32324
28405
26810
13496
20688
25634
5323
20338
4860
11973
25531
10453
5184
5564
16936
10145
779
7430
19980
6716
1560
24072
13966
28174
9263
19160
28208
18911
30214
17840
21908
8222
14840
3960
12591
16926
29447
2802
19567
12280
8395
4593
8621
10898
10067
32170
27391
12013
29850
20616
16597
6469
11321
3912
4106
10888
4946
13587
11765
2149
24276
28593
29944
1328
25469
21627
30067
5446
30412
4351
530
18626
23185
1500
21200
3337
26960
14641
2623
31740
13466
17646
13741
17131
6136
27580
10910
3884
28414
6927
10083
3293
20078
19412
9650
32277
18681
10040
2964
22294
9124
9188
28831
31593
475
30159
15532
1814
22573
10917
3509
2473
2783
26165
21935
4128
26183
2738
25376
10046
10474
22869
1861
5224
25332
13116
26585
7144
29106
2719
5900
19856
24010
21842
18658
7113
19329
14038
20651
15012
5159
15558
14365
16953
29507
2646
28012
32106
26540
8587
29628
1407
10979
21436
2053
13802
25331
6855
18982
20490
28265
20854
23902
3465
19936
112
29875
25587
2555
2340
20358
9805
19222
23098
16468
6262
2653
32626
22041
9601
2091
25879
32504
29625
6928
28242
29382
24864
7612
30942
27136
21570
22295
1018
15737
29820
19511
1412
29871
15482
13172
17971
4614
6582
7585
1195
12810
24710
7057
6829
12188
18254
4047
14447
16679
13326
21446
18544
32088
17140
22319
1651
12298
8926
20259
8599
1444
4841
17471
21139
29045
24555
29034
13265
14435
11573
7467
17456
27722
12317
31330
22649
10763
3539
20985
22141
26069
13766
13750
7559
14036
21862
24029
30230
18877
14085
19316
1981
25472
14160
621
28813
2539
20262
30958
28864
1487
4291
5223
15638
8909
30479
7964
9393
13951
29280
17028
10768
9015
6254
9116
3270
19747
25572
25913
23289
15839
10708
28862
30496
2367
17621
15738
22986
11609
20687
29694
18329
21289
30646
10987
1635
1658
22415
12175
4086
10487
16917
9961
17647
19746
11422
30483
22146
17860
27162
12117
4911
11592
32767
30486
6795
16944
14956
10513
23158
12522
30333
18759
10634
29375
1981
10276
5259
20499
18538
31288
6283
10355
24643
11038
29602
24373
15077
13772
11787
12251
29547
15368
24168
7382
19393
4708
15525
15310
2795
32228
20175
13475
24334
14466
9113
26869
29026
13766
917
31071
5977
11663
17300
32306
13645
11814
30083
3056
31126
10402
22350
28060
26339
29195
31406
21493
17786
9127
24371
22411
9558
31375
6740
7986
13456
4416
16248
1640
29833
1270
28441
30411
10782
20038
30285
5688
32163
13578
26474
4318
13865
28128
27502
13999
23637
62
7429
3153
15877
24904
28340
14310
2351
16293
18192
16596
20887
26763
18304
23211
27409
20354
12201
19286
13361
15209
9795
22033
15402
4677
15729
28467
14017
4027
24345
14880
14645
3931
25132
30008
28207
2252
11760
5843
7034
7338
2723
4902
364
3320
5991
5703
27165
22834
15940
10676
15343
4579
7889
22430
27230
29333
27601
9680
9248
1388
18974
5638
6666
14092
16748
28961
24137
12503
16171
23902
4808
15460
3555
28261
28930
25141
14551
27387
25379
18786
3449
22483
31346
4427
31924
23348
3353
12426
24167
1466
9113
27529
10897
19418
4417
24849
18494
13164
8090
26724
12493
3650
12333
5475
29620
28647
19682
23714
20029
13744
30917
27765
19955
23443
24800
28552
2603
19109
24221
19990
18810
12788
20690
11194
1200
32029
13586
23170
18783
18045
30823
26366
2734
26856
6307
16026
14546
1787
6250
3603
19919
6323
14109
29158
26864
4876
9434
8058
24294
29153
12688
5861
25390
7732
14102
11092
27475
13467
27135
6094
5378
25674
22829
19788
23668
5989
16355
333
9629
16354
15704
14025
395
31050
5323
30004
22152
12268
27655
25671
16743
7679
8165
10219
21769
1198
29274
15004
1176
21306
9726
26507
13750
4495
2554
6750
22899
15896
29151
14249
28560
6082
30671
3811
2325
5482
2590
31642
4792
10824
2715
27773
21693
6219
2787
497
8149
32014
24070
9207
26337
26224
27927
16326
1980
27405
19384
17898
23093
6894
13228
12917
17860
26350
17253
20860
29212
21646
1596
4029
6384
25103
9144
12735
11523
19546
441
29642
9061
6162
30083
3810
26297
18111
18746
23749
24994
8165
16369
15291
15552
5182
11380
18121
31728
6166
1768
3082
1671
24910
2584
28715
23232
7178
9230
16544
871
2629
3274
20568
5999
21887
14167
198
533
22126
5772
565
10636
21065
22536
20892
5404
3416
15872
18115
27556
4422
15691
17907
4043
2552
18603
97
11058
7192
2295
14293
13595
14587
13717
8426
8908
18265
24769
19110
6986
27980
19281
27157
11238
22922
17335
26652
13039
1828
9635
19672
16766
27439
8345
24913
23287
25173
30470
22573
10361
30577
30250
23968
24875
31650
4366
667
12090
11804
28642
7371
5408
3423
8342
12552
11417
3986
31880
31925
31896
8415
23088
17905
5792
6154
27433
29280
17754
14713
28920
23334
15621
17542
22670
9460
17051
31356
13459
24763
22340
24090
10328
1953
5305
15717
1217
23855
31916
14397
28332
4591
4635
23967
7185
20342
7659
25981
20240
25379
25674
26727
32055
30251
21784
18387
6219
12191
7955
25711
24905
7983
2504
27385
13491
9597
26782
10308
26079
14053
7745
1179
8424
3582
21996
20648
25405
29564
7157
15959
29687
9708
17937
11909
21843
4701
21147
32632
28647
20966
10925
30378
28857
16681
5766
5288
25922
32570
28792
8990
9861
12539
23351
8403
19632
2502
29047
26175
21513
25129
12388
18981
8068
22881
4490
18076
32500
3318
11481
13772
12456
9597
25060
5567
21683
1700
7770
30933
13091
6934
28679
3343
30879
17718
3837
12120
31607
29136
14759
22210
13564
11950
21120
127
15894
22584
5534
4170
14037
3183
5122
12050
29393
19540
25207
19582
8099
20253
5808
23476
25367
6309
8761
31332
23416
24111
2698
18555
14769
25382
5319
15908
24441
19995
30567
22799
9013
11912
9407
10013
7816
13860
12985
18917
501
7354
18352
17778
1577
11798
27129
7163
7115
24863
4037
10076
22608
2471
29659
24248
22226
17560
6670
13898
29249
26485
24414
20094
29020
5903
13404
23716
18899
31893
15102
19556
1230
8924
18254
1761
16988
25439
20430
31753
3502
15807
2831
12946
12905
22521
20860
29499
32208
10704
26579
29299
13
31753
23499
5362
14829
17557
21330
31383
29780
26053
12468
16051
5723
32690
19270
11372
14242
5026
18203
5948
10432
11403
30876
29083
17093
20096
24768
32714
30161
16075
16340
8656
13068
7980
22420
23269
17582
15714
12656
28963
2494
28287
28771
14792
14943
21309
2517
20707
17646
2115
4117
2110
15705
26131
12612
1717
6573
23785
28291
5326
10872
21285
20441
27310
26818
28245
22131
24461
30170
24107
14302
5551
21347
21360
6956
12078
8621
11804
29448
25551
25826
3293
9004
25911
8411
15477
22308
21258
23066
9892
8508
7902
8524
18521
30502
3167
20
19694
15023
30327
7185
27121
1329
31220
21560
28775
10247
9796
23935
2811
15316
9438
13217
14682
1730
28920
26068
2102
18182
9116
6086
9246
19453
4758
3057
10227
584
27918
21073
26356
17730
7547
6353
1958
26229
19772
25987
6517
32419
15191
9776
28681
13583
11651
18863
18966
18568
9698
15056
25523
13181
4959
6458
27780
7087
12002
13738
332
18467
14581
14268
28407
14273
14024
10985
22649
5564
10187
16322
96
15486
7916
20876
30389
12223
23049
20060
9012
19157
16871
23210
30106
29319
11767
21301
23586
31681
32387
1058
6926
28110
5797
21732
30284
9860
32507
13059
15847
14868
19596
6407
23196
5268
23746
32317
7326
4465
18216
18804
5719
19522
22715
3884
12397
4927
24016
18519
5495
23442
5572
5504
25965
32646
27909
1647
5529
3729
32338
2237
1666
4518
20741
16064
650
20650
5237
19485
18938
32395
3084
8884
31956
30349
19572
32447
2634
11441
26175
20285
31587
17687
18430
11688
10541
29079
4829
17060
25942
4667
14900
23529
24956
25902
31633
6504
6323
14516
29602
15620
30928
28018
5638
16229
19848
25860
13300
5231
19287
27338
8965
25854
3427
9321
13710
13487
32631
2684
29023
19863
21180
1910
9830
13962
18884
16457
20312
16772
2630
6562
11035
10163
30755
3494
23583
8827
24822
26017
19145
31841
3899
5125
31318
23051
14740
20740
8738
12446
8289
29540
1080
18706
2132
31646
26564
19768
13839
14083
26318
15037
3625
27963
29314
1634
16544
2629
1142
9359
19387
12060
2329
566
32159
31186
28325
27849
21473
8322
23062
8985
25946
7741
29187
18530
29165
17769
10991
3005
18007
9494
7488
5602
30320
27691
9286
4586
27137
1804
29797
23990
31432
8995
8654
9805
23280
5205
6593
28534
19324
26406
3494
21243
8196
12129
17328
4874
13339
30505
28625
24073
16389
24916
32682
12118
32062
17120
14635
4494
11151
5377
5374
2823
5761
6174
1889
7295
9426
3766
4937
24002
2886
21232
17941
22158
8744
10375
29071
16693
9320
24489
31687
4216
1430
27016
12736
29486
5272
12723
1740
31381
6037
5184
6402
3908
3820
31953
8014
23935
27940
7202
10377
4365
12373
22825
16959
25341
5990
30241
16984
26570
15939
24892
20645
12580
3744
23077
21842
17908
23990
31310
26020
11520
14432
21169
5021
28017
13436
30275
27090
30905
30327
17747
31077
4408
17732
20025
8988
24614
32262
6368
17804
7650
13516
1612
7579
25012
17224
24269
3229
24957
1378
16732
21062
13721
10203
25701
26868
13366
6442
24399
30689
9301
27269
26068
25914
28203
8963
24484
14808
28901
6753
3302
7986
24176
26507
2134
50
5874
6214
15533
16706
31349
18960
15125
11016
27064
20719
21779
6192
15756
21813
25026
20751
29083
5295
7121
4358
26183
31578
8952
6917
3043
12047
22835
21991
31455
31975
32428
28957
868
27810
23206
27558
12264
451
22009
6762
29524
20667
23138
9202
17122
14053
17176
2460
4312
1658
3962
13640
24477
26033
32281
31093
14021
26034
20842
22402
20031
26499
26924
2663
7142
20626
17863
20317
10444
14755
8882
29928
20185
18218
13861
5114
17329
22648
29378
21922
17638
7653
29638
9227
2435
11987
24216
29522
20878
27931
14076
14078
3123
14303
23396
18904
22695
30247
14550
10457
29911
693
30830
15028
23234
11260
22393
30226
17915
11110
29736
12272
29377
13431
19175
21383
30013
13890
25348
26629
29031
24758
27025
28364
19410
27163
15790
14047
13107
5345
26904
26139
14131
6340
7925
5979
1618
18521
4950
18678
24064
515
17319
14319
1795
2648
14464
6909
13318
8351
22202
5182
4616
27828
20024
29982
23585
12734
3543
21846
19604
17928
22648
1770
2548
18407
26724
21251
17087
18512
14584
16495
32352
10336
32452
20361
32306
22608
15555
18627
14966
20712
23660
27668
16362
17494
15499
31868
24206
31152
17669
5716
5767
9552
46
6529
10258
4193
5056
20989
28676
19565
22040
31094
24310
2967
17091
23821
7631
14786
8246
4381
19325
16660
21250
19821
21247
15838
4976
15895
4236
13343
1931
28398
2167
406
20954
25598
24704
20189
17561
16723
31736
4341
26566
9381
8233
4216
1140
6120
18175
20486
4388
31601
29252
27543
18983
31301
27460
5858
4120
29774
27293
5545
14872
17067
1868
19709
20265
21083
31914
12455
466
16167
19595
28915
13341
13575
31703
3281
17772
2272
29296
21032
27870
6936
30206
17003
9387
11934
17923
18445
6358
25850
2604
7343
25010
12999
26519
9753
28051
31666
9990
19596
7207
27614
4528
26076
5062
30747
26915
8392
20318
17923
11641
7650
2243
5707
27648
11079
6847
5591
6730
19141
29139
4905
13941
31218
13062
4347
28191
29695
5055
11899
16981
5454
26826
465
24036
19469
5298
2157
1415
7212
17641
18580
5941
18375
13931
23428
25763
10342
30433
22764
15417
4262
24162
15768
2478
10382
15789
22412
1747
9643
13972
28311
19294
23267
17976
13509
9226
26494
19844
29277
1958
30385
14298
29114
17746
17956
4428
24591
7725
25276
30256
32566
24902
722
19862
29891
20642
23603
30011
7030
5241
13483
29217
31579
19477
12792
12442
29833
30524
17602
20445
29653
20801
24428
18621
5807
22774
21163
12659
12452
31826
4333
29357
25208
29918
24451
17530
20060
12032
23107
9134
7566
10437
18910
13223
20965
26003
27691
16133
6518
16064
445
26037
30880
1654
31538
15668
19646
7076
18874
31979
31003
504
26247
26057
6221
14680
1897
13249
32118
2734
19181
17352
24019
31547
12998
5905
5200
17847
6885
30853
14407
23810
587
20112
8065
28639
23951
32633
10331
10497
23453
22827
14600
24086
10757
29610
28204
22197
24731
15223
17107
21606
16043
32150
18072
29489
29230
20521
21664
5122
18605
13025
4429
7949
23805
16412
7195
32638
18693
10768
21500
3541
30255
15776
12307
26489
5176
7847
946
27867
22264
23486
20320
22313
8519
5092
8586
13681
16290
25352
31273
15229
21731
11490
22467
6933
22356
5550
8151
32124
8966
4918
4148
5191
2518
24876
18144
22067
815
21727
14480
15095
21364
11016
22902
5525
14978
22062
8745
20151
12149
22791
30958
29490
4231
18466
23736
31525
24617
25102
11528
14719
364
725
13599
23429
21811
22633
9056
12302
12907
22872
31219
26017
29345
615
2499
13895
10007
788
22822
5109
31474
23739
14142
6787
16731
23303
18188
10507
14699
26421
5349
4804
23767
17377
8047
29340
945
5535
16396
11825
27043
27613
16810
18260
13151
31647
12270
26093
22810
27308
5189
31619
30229
6369
10876
23525
22726
23566
25972
21398
21203
25945
21162
17971
30946
28359
1609
27376
32729
10368
16043
2024
12804
20800
32387
4220
30827
23457
28652
4931
15466
10289
23433
14546
10234
21327
15809
5481
31046
9479
13053
19235
4408
8776
21425
24852
12953
2910
1466
16715
28942
32293
29485
13803
4801
1996
10147
31161
32190
4910
21348
27891
31248
20110
8105
26565
29928
26803
24807
2056
5376
1790
23397
27388
3086
3366
1607
25956
9884
9965
15223
8619
9330
31976
16265
2852
7429
29603
30132
21866
18357
5998
25993
16583
1443
11803
17801
28166
7106
1510
3864
17705
22229
4992
24747
20846
18795
15989
4505
3741
8078
22978
341
15592
26064
29293
29997
14942
8391
4057
17205
31307
32129
16205
9369
881
19648
3265
29565
20961
16662
11877
4574
24377
27579
27626
1207
25376
27557
28624
7408
1414
25262
14849
20380
25938
16917
4537
25473
2007
26725
31744
4161
21151
6485
19968
8667
1698
12535
22126
2502
29834
11689
27973
29671
29752
11339
18976
14916
7157
6208
18881
21977
24644
15975
13121
13535
27889
25818
32143
4058
2756
31545
12447
25912
29990
23577
2970
25037
13209
20402
27160
10248
21502
9796
23368
12691
18994
21995
32367
17965
2759
19384
18038
12873
501
12059
24652
28763
14531
16639
27956
9801
21929
4281
32738
1200
29579
31642
5409
17929
18286
14500
14237
18601
5909
195
9084
32070
22071
31390
14563
29873
12256
29409
16500
11232
10576
7699
11175
6946
9947
5358
23928
17725
19992
21554
31259
10577
15073
14649
4319
28534
26866
15195
7037
240
15314
5858
5178
7829
6346
6020
1743
9488
720
18373
11715
12524
5013
30599
2764
1120
666
27405
18221
5042
25894
22632
27428
20750
8020
27247
19550
24216
3050
20538
14806
12223
26207
3454
9429
15895
30969
17492
4327
2528
28064
19300
13021
695
27319
22417
14123
17256
12063
14525
17619
8603
2600
30938
31589
32371
19817
24335
32101
6916
16671
1469
3068
10437
28743
31357
26695
26725
24224
1456
1004
6556
9033
23733
18433
1063
21847
2509
15697
16726
14969
4833
8271
31041
15260
23635
10528
5719
20807
14236
6225
9771
8149
9192
5394
30218
20703
3672
24458
969
15425
32402
25760
29730
7534
17675
7008
26109
29741
32463
2794
21161
7667
627
5073
13242
10269
21516
5172
2064
9528
9816
9447
28750
19763
29573
24061
19006
23282
5710
14417
4184
22690
5187
24488
13270
28638
99
10614
7939
18509
22899
13025
1999
30214
11995
25914
8192
11722
26959
2799
10574
29258
7901
371
32077
7787
19955
10818
29113
29823
26743
12666
30818
16695
23144
8835
27222
25144
4253
29214
11811
22409
12232
17177
30918
15903
10040
4918
32712
32473
6370
18553
14194
16202
28493
23351
13606
31939
9369
2065
16874
15158
3734
27122
25761
13969
13809
575
16864
10540
20447
27804
11688
17876
8610
23803
9514
17464
1050
2355
9357
22174
26587
9020
2129
9658
10128
2180
16099
27187
1516
325
12576
31360
17992
29648
14244
16389
18943
24424
27298
30612
14386
10653
18419
30762
23245
1175
2941
240
21870
30878
6818
20629
12716
28682
24536
15271
7687
32263
19272
8577
25627
25225
27232
26858
31271
20986
18913
31971
26842
1149
816
7937
16426
25091
22251
5809
3822
18491
26341
31651
13453
17554
7246
25987
11471
5501
93
31465
13289
15959
6898
18452
29690
29449
5655
2109
6502
9858
32004
15569
25649
30721
18784
24394
13817
10669
28992
17632
31623
5657
3201
12965
12542
15430
26182
13174
10889
14402
19907
26021
28570
15309
18175
19332
26845
15520
19371
25876
19861
3713
29826
10062
6673
32728
29523
10888
25416
25660
26773
13625
31245
4021
32222
14443
15620
10864
27606
19429
21196
9711
12137
28018
2658
29316
23471
26739
3861
20806
28937
24491
5573
23686
13990
4810
25235
21269
23532
14285
15031
4770
31886
9328
22790
14431
2580
29482
10303
2376
11674
262
270
25370
3283
19766
24689
22422
24573
12584
22658
23772
8963
18209
3829
15944
13543
28992
31762
22845
849
23592
28523
1112
20619
8025
20775
29847
13238
14733
32266
26057
6661
1157
30180
32417
22150
19609
8745
25642
23800
31492
3366
32089
8659
27388
29387
12367
15101
30442
18866
8134
7686
22584
27062
22756
16105
105
14271
5493
28981
9074
17318
2401
31707
2590
4429
12657
16292
29601
3890
17595
7314
31906
8343
20693
508
26627
26914
21962
27288
22549
8684
26569
90
15114
23262
29113
1096
19288
7052
11445
28037
2135
19617
12483
3935
670
3842
10605
1173
5263
31872
31430
14985
20133
456
9774
24084
11757
21631
8239
12856
6986
29339
28515
9587
21211
29447
7591
6451
1958
198
3313
17854
30731
25712
17086
5257
21345
17403
24181
5742
21198
862
16557
29381
98
16272
12540
17243
25997
18770
29014
27383
18902
12052
28311
11571
10421
24206
23098
15186
20765
26540
6673
12098
23463
29090
4753
6200
12265
2770
9812
29521
30566
32034
31883
24653
5735
32295
29056
15331
24027
9870
25922
30255
11650
21938
19908
18351
31099
17618
26492
12727
15695
17761
11977
26599
8554
30396
3699
18403
20900
2463
17698
1241
5451
4560
13089
3217
21357
29847
2665
13424
29113
18597
9031
25755
11979
24732
21095
2612
7970
9318
22513
20385
32324
16375
3849
14909
14299
19845
11439
21746
8085
6960
15270
15386
9743
30261
21955
10400
23865
8744
15480
13433
11291
20729
17850
25806
21163
6670
18941
10491
9034
5983
13612
9179
7158
30343
23887
14522
25383
24412
28456
27163
16006
1703
28314
29094
28780
30880
32629
3890
17371
8493
18830
12923
32536
21141
22794
16173
31626
29857
16624
9670
17928
25779
24110
24640
9959
10002
15838
26053
15288
20194
9816
13015
27233
19148
21074
19402
24255
6397
17702
26594
18850
31894
9137
4496
12195
20717
6295
11604
11123
21082
19924
15151
14516
25071
19614
21779
28939
25339
4697
15351
9379
9053
30810
8434
10002
19950
115
19591
2331
7282
13360
6275
5901
5276
12867
6423
1204
2279
5746
27282
23460
5217
18927
14488
14664
18996
24726
19003
6310
29298
25078
3277
11654
4858
8382
28760
20279
18910
18414
11772
16780
9820
9815
19324
26687
8914
25943
30496
9275
16649
23254
14509
14412
9732
1734
25576
16331
29111
31581
17363
3348
28962
11819
19641
23878
28407
19809
30612
19245
18730
529
32206
1646
21481
14552
14979
9713
18633
13826
379
22560
29920
22492
22794
16448
27595
5389
23646
29125
1717
5620
26211
9122
11797
1178
25502
24870
16163
28629
19939
6494
2485
7291
7575
23579
8971
32414
1235
1845
30015
15327
20515
22037
11380
19196
16588
14460
5700
32344
4813
599
18305
5444
28714
7972
6374
24333
32356
8024
4352
24807
15125
10805
22998
17194
21438
8333
16265
32605
24148
8245
18677
30241
8424
2605
12477
597
28169
17245
25066
6553
24659
16307
14181
27427
5597
10962
29198
8309
6121
29148
32624
23922
4747
15401
29005
18723
29412
8255
24678
26088
7071
298
15573
779
28259
28443
32741
19357
24769
25601
22862
24110
30820
7637
20902
16150
31219
5373
11288
8532
24945
32610
19691
1910
851
29278
18585
25728
27544
3075
29724
3602
4315
29746
12463
25598
4261
26085
29664
13143
20672
14258
19228
26514
17017
23936
20009
8518
13937
739
9379
7762
21217
25709
60
4122
17826
23863
32352
31615
7504
8472
30102
8208
10555
547
32646
27276
13599
10970
5415
3845
22184
30957
22929
4241
21895
17586
23285
11054
8869
20796
22562
22854
8912
23114
31442
7926
1152
15926
1045
15037
5205
32591
21882
28706
26814
21295
25646
13546
12393
4639
1978
3366
29392
28880
4412
8958
8663
21859
5269
31311
2881
2273
13037
4059
14153
29380
24484
18959
22596
30232
29311
17980
12232
5865
26598
24070
8162
25796
23219
27950
15458
26271
4244
7138
13545
27237
14399
25624
6894
21747
31063
32710
23031
17084
7924
21843
28430
19530
22488
24587
8473
3830
27511
9624
23175
30306
20665
31491
20327
12604
623
578
23678
12781
25292
24395
25664
19077
10388
13837
20146
25339
9067
28587
26245
22103
9633
10549
30982
15191
7021
25062
31016
2530
1875
9839
5451
8267
25499
12226
14399
2007
4469
14405
28768
26119
8566
10109
17342
11758
12570
28431
1950
24534
31599
29338
6258
8502
13664
3682
29357
31065
3427
529
21146
15831
5768
5150
28508
22332
25217
12485
11602
1879
12648
28028
10324
18995
10129
27644
13253
29640
8273
19661
23503
6723
24323
31527
27234
31308
16625
20265
20848
11593
16057
14157
30993
26621
24331
29105
16366
27987
14049
7784
2429
6272
20235
3783
25155
28265
30367
32511
17353
25441
15444
32236
27978
29025
29238
3918
30320
26788
17480
30161
9731
25556
20019
7509
23369
16704
475
4552
13227
26960
18891
25977
3422
23013
800
25953
3248
21446
15152
4224
4308
3795
4527
6624
434
8999
6844
28218
18539
6974
15286
19696
20064
17747
3668
20205
29962
3461
14606
29601
32173
2379
14475
21022
22557
8332
8264
4835
19874
27072
25065
20160
16780
5871
400
17517
32058
8352
15635
19160
26312
12495
7967
21670
32307
30263
24449
20700
23085
6598
14247
2592
30548
27928
3973
4130
26149
14264
15799
31155
6457
14073
25709
25330
15958
21850
20742
142
15534
27283
31775
293
18644
8368
11785
29275
2692
13456
653
14479
1742
4491
24415
2615
21050
11372
9678
5747
1560
19173
21622
17411
22584
4331
2736
28960
18657
30972
7543
6905
1374
6220
31235
7829
1175
3894
17651
32296
12089
29675
27655
3663
5861
21484
29998
18392
3179
25999
21711
11095
2501
15724
13458
31459
29246
3935
21284
9123
22158
22569
8379
1930
13787
22959
13079
1579
12053
18163
8163
7165
19583
27550
3329
2062
1170
16556
4981
12002
14766
31146
16990
26130
22970
570
29371
31458
19550
2324
15700
3043
11314
16344
20968
7227
8569
25111
11014
15513
1998
15942
822
27638
14840
26065
10030
31406
4701
22587
23333
11591
13729
11607
19722
2727
436
3427
12999
17653
1189
19007
14133
17743
5863
29083
16039
28227
15151
15980
23407
11448
3219
14789
26584
23627
3511
12760
14353
11587
19839
9385
32146
7078
21505
21725
5609
10737
26013
19907
31012
28191
1900
26330
10025
6649
1833
21504
8399
19636
27222
25940
18174
1509
15372
30348
7916
19587
26820
22959
17296
30279
25760
4535
17721
18500
4989
13543
25310
7150
31469
8803
23436
27377
17049
26568
7465
12409
6702
3418
20257
18472
4573
7806
43
12542
17170
29107
30059
29409
21854
19291
27875
30553
14923
21033
16418
16419
2641
1940
12009
1075
27801
3909
20709
17291
12735
19448
25292
32635
15956
14680
3988
27260
14102
15006
7754
23062
9429
24471
22946
23966
27890
11348
2313
26476
10236
12200
29453
12356
7665
27484
16190
8317
7925
5541
16855
24476
7710
4468
31819
23283
23149
28771
17498
14508
26138
24675
12840
32632
15707
16585
2
11755
16757
8730
13066
180
27952
8513
4287
18450
14795
30903
4765
21106
24363
21014
16369
2397
4890
19312
26038
20140
11707
30343
25316
3560
16262
13967
12515
14143
17268
10762
17860
4171
32272
3001
15490
22458
10205
22586
28728
8955
20254
31340
3030
26791
18516
14498
21526
9451
25938
3779
27925
12568
25917
24521
11354
5650
14504
28866
3159
19778
29797
17064
21290
13015
31413
12688
16341
22018
25580
25954
8958
31088
24513
19600
19520
19177
14594
2899
16707
13365
23990
3552
16918
28087
20624
25781
24245
30101
23303
21578
32346
1302
7987
9194
11441
18384
25039
6077
21826
5220
26690
6564
10979
15767
13757
25086
10220
12761
15941
23071
18285
25866
11238
25963
29803
16857
22781
374
1809
10298
14840
29369
1276
5814
12837
28259
25632
15616
29884
13405
6067
4062
5697
8589
26993
11090
22728
21913
20144
15359
12266
25456
28478
7749
6756
16446
21781
7373
6231
6129
31159
9654
8739
27322
31812
1069
18849
6610
18799
24303
22273
16777
11438
2762
997
25324
14134
27592
20467
13066
999
23647
4981
4655
5114
12099
3589
2674
31399
9281
25556
15617
16861
16496
7828
19583
30260
30470
25846
4358
23720
22111
14408
10984
12987
15848
28848
27996
32678
6070
27383
13398
14264
26809
8606
19672
21483
2634
11395
8307
11983
28363
5716
12083
30661
26375
9613
27438
28631
26743
13095
8726
4863
30975
21454
19247
18582
7477
23364
31820
1634
12967
12818
27912
1100
18161
10660
29254
6954
5083
28023
25475
994
11490
1381
685
521
19667
28244
302
8191
26073
14302
9477
11910
7004
22517
16457
10135
18555
20927
4208
56
4384
656
1285
17076
30031
28215
9000
18201
396
17939
17495
2084
6836
32215
2149
24683
16106
9957
15062
24448
30450
17378
27710
9575
18209
8208
11887
20269
28742
14324
6761
8706
21500
5809
32127
17817
24905
17574
6392
6814
18046
6201
7668
21040
9820
2508
31018
28285
28545
23605
18497
30634
31897
28696
3522
2691
19829
630
25772
10582
6560
8083
6582
6779
15783
25159
24840
6396
26239
15193
6763
13619
25114
25509
11849
3259
28548
29355
4773
19250
27764
30032
3945
1387
1606
9880
28030
6045
32147
24535
27136
32246
28233
12840
83
2480
9971
19810
13352
30816
17584
16611
15834
31134
17616
24617
28488
1482
23143
18638
4849
10917
27692
23478
14456
874
24686
8135
30588
13379
21232
17275
6688
23443
21656
26983
2994
5131
13583
16828
21821
15474
13748
6640
4936
12271
9390
24553
31889
27434
20832
13166
8432
4365
18415
19507
26979
3664
21173
12529
27605
6053
998
6212
18202
10297
27094
6180
5545
24686
11156
10390
22393
2879
32522
10628
27983
274
8382
27492
14011
20315
14888
29190
6450
24843
21995
27118
20559
20358
10374
15367
12881
8101
13159
31175
12703
2406
21356
4828
25588
18903
26744
30374
16162
9876
1286
10308
24366
4949
1954
20613
31792
3894
18166
27866
3709
31384
18843
11269
18034
15017
19138
18194
13178
24336
18975
22618
10498
1915
24129
13192
797
6737
4142
30948
5353
4730
21839
2557
29567
15142
29290
20857
15447
17156
23914
14172
5829
9130
5720
13840
1858
12276
23331
11867
3519
5974
15229
19834
24911
24245
31212
13150
6067
13135
14898
18219
1010
16785
19457
30116
4357
8467
2301
17902
24336
15289
7509
24926
11100
26399
17078
29462
18412
9125
17635
15450
3023
1066
6804
18078
20018
4421
32709
710
28407
20362
4426
13290
1485
2098
13172
11052
8234
31761
27883
31995
28576
16067
14592
25932
11718
21988
8841
32632
24690
386
11249
31311
9246
31746
9095
9136
8111
22366
14471
22273
16569
30638
26201
32193
25039
9612
25656
13863
27785
28309
15351
30938
29200
6135
3892
19073
3989
23933
3276
23086
23935
29997
698
16901
1593
20908
17376
25176
19317
15096
7380
26918
352
32687
32551
11104
1631
2004
14287
9066
18167
18092
6091
26141
17099
27942
2880
20306
20682
10121
25274
22592
302
17566
5227
19301
8021
21949
8742
13209
13171
32421
8686
18255
12908
30800
30058
10161
7529
12676
10606
20322
22697
24748
32394
19288
20971
22750
2952
24894
2400
19980
16833
2681
19955
23438
32590
119
14673
12945
4621
20385
10416
4097
93
9440
4223
17274
22564
19150
14730
14960
25526
24671
22274
1716
25240
3951
29646
9340
4103
5856
28691
14974
23120
25333
26662
20882
9540
25828
27802
19801
16469
12029
3366
1578
26109
5329
589
23891
9886
30200
19178
1854
17434
16629
22608
6210
23792
15257
26123
9248
20594
10965
24255
31125
18595
2409
31992
21460
15415
6370
19843
10856
22952
26116
19574
7138
23043
10918
9258
29151
8029
26776
8039
24675
14590
28599
7905
8255
21929
31920
20904
6455
9044
7183
20913
26082
9840
18097
12472
22171
13472
6289
30761
29701
8480
32234
16508
24539
23914
14105
3591
18902
12589
14275
11346
6228
29034
13906
718
28025
30668
12625
26413
29273
24909
18796
6269
3152
4669
13996
5134
31696
20012
24964
21575
14401
23108
26296
4401
22724
26865
25735
1489
5256
16663
1498
21351
19653
29998
16005
20045
28295
2900
26489
25732
17745
28149
12773
27406
3252
13190
26935
27671
471
9064
10790
24848
15872
5399
21996
6575
25255
26731
8227
13685
24235
25231
17200
21380
10769
27868
6270
19774
25042
32312
18514
9037
14758
31413
9012
1180
27042
16045
3488
23344
20028
29532
18464
23191
15285
4296
1023
31235
2910
313
27956
5587
32021
16802
17787
17689
17283
27343
23013
32441
26705
31764
11331
15832
729
13678
6038
10149
5294
29659
31428
31036
31172
21474
23271
14290
25403
28965
27420
22235
30714
31162
25154
12728
18950
29101
24663
17713
19990
24204
5115
1106
19284
8608
18513
31164
31049
29289
28871
17149
6836
19940
307
23085
6650
13109
32053
31311
2280
258
25237
31630
22645
3086
18635
22198
25473
28569
24007
2476
8272
6918
19810
5790
13672
24841
24548
10108
23579
12453
24452
4442
22626
25035
1889
9954
30799
15575
32001
30488
1244
11780
11077
30869
7474
2708
22175
4167
22724
32247
12089
30616
27877
22758
11212
32012
30592
10129
29106
5565
28013
18292
12231
25710
11779
8886
31183
19026
30057
5920
3962
22847
2789
25596
32229
27049
9228
24355
18293
3405
687
30040
12741
18617
12822
31313
10216
18156
22653
14928
31923
2533
14521
13317
774
12898
26178
10575
7904
15136
32172
21682
18885
19874
3205
14469
22150
8460
17367
2804
14850
12211
20747
21874
30862
24421
6176
7900
10311
28824
16996
31135
32406
26168
4572
10343
15020
12550
9997
26841
7451
10655
25329
26466
6121
2982
5665
9104
5742
16286
18072
21003
29884
12429
18098
9507
18070
18023
15240
9392
30621
8736
5688
28175
15585
4022
9425
24953
5480
3517
11974
30967
25840
7714
3079
21284
832
10571
15725
467
24892
29758
27601
1985
24706
20181
22909
18240
25263
31144
17466
31252
4772
5529
14552
9049
28826
15151
16829
12042
29956
4832
31995
135
17459
16616
7180
4617
16793
29900
14537
15854
9205
764
16703
21875
6564
5745
10521
17617
18054
21746
10101
16189
25908
27379
14619
19647
19065
7558
1178
24808
31105
19034
7376
15503
29936
26875
29277
24064
12297
29513
31717
9058
17654
9905
20601
5471
27817
6815
25480
6772
23629
32510
5123
8698
22149
26004
10333
19596
17128
25450
32666
1707
27963
1026
28950
5710
7844
30990
9294
13568
14935
22937
5488
12426
20851
32704
25890
18894
19223
406
24701
22276
29599
31234
26149
23692
11056
814
344
2759
19664
10528
8830
10482
22368
2448
9750
14503
32072
15482
15299
12823
12313
25769
15407
28344
17430
18978
20331
20205
24729
2524
10457
4830
28389
6894
16264
13336
21143
27713
29239
14958
24858
12525
28845
2712
23230
3201
13626
20274
5801
21551
13393
919
25152
13094
22922
14578
17008
4243
21285
32136
11507
22542
22411
15064
30876
9710
111
12795
31770
16276
19552
23756
31475
8980
9114
10619
27530
22678
10061
29087
22503
11748
5498
14074
5956
18967
31730
2566
20834
20348
2700
18832
20345
17786
2176
22121
16806
16291
12028
24735
6340
4595
5383
16852
32547
5521
12615
28181
31371
28334
14737
9185
15047
11678
9568
6786
3206
26306
6461
16011
29582
18209
5614
28116
21979
20678
16270
14227
13415
30786
3085
18409
13769
28293
10546
16324
14533
20750
16818
12021
12871
6240
6747
7884
11942
16580
24322
22279
23266
19108
1384
18502
6125
31849
10067
22379
28006
3637
3524
3565
28302
2654
31767
8582
15900
19873
11576
32397
14105
31255
10393
1974
156
20133
26459
15171
20388
20544
25991
10717
13186
14446
24100
19868
29205
31550
28305
8322
30552
3223
24787
1004
13874
23149
30217
4720
17877
21860
16210
28958
7647
30101
12428
26169
17807
32142
8161
10364
13834
9919
6555
17472
8535
10094
23889
5570
9647
17841
10820
10616
18718
30944
32563
3512
113
20638
20840
12370
4532
2649
7946
794
29504
10040
4380
5360
15946
13273
11577
9035
27587
9510
7473
11934
25259
2287
17324
565
11585
10900
14007
21072
13228
8298
18005
11543
7787
16340
14304
12683
22779
32594
12313
29284
19339
23028
23198
24657
3702
16522
20716
28579
2928
6353
851
2731
13462
8489
25411
31506
13731
10428
1049
9174
5263
25382
4338
11581
18204
8960
3216
5796
10794
23134
32058
3449
11242
21475
31255
11107
17188
3971
13555
3178
15836
22560
30935
10255
12500
27498
17526
26376
30285
27374
23186
22478
22974
4207
10513
28586
12433
10235
29574
11243
5493
24895
15903
15365
13131
12688
13184
18786
1138
8768
14465
25562
22148
14823
4465
14758
30091
19410
5158
28173
22048
941
11093
3283
5445
841
29656
14198
32691
30005
17002
2405
8124
6294
26642
19858
20481
9496
4331
30101
12537
31629
6125
27017
24270
26603
16720
5831
8507
21204
520
3239
18063
30549
4015
23804
29852
20025
9493
15924
8528
11768
16269
30349
31105
12324
13347
9969
28646
14176
19903
25066
6590
14120
26005
18385
16055
8619
487
9497
23385
29923
11365
24666
23826
1773
2017
3362
28659
32464
22838
8018
2594
24166
21096
19570
5881
22488
30376
28038
21713
10648
1535
30468
135
22299
24795
8099
10733
11896
29205
7293
11138
9287
20086
18922
18806
11382
19190
6409
16711
26575
30675
24412
28636
5520
30258
798
28399
19570
29610
16561
28240
8949
24530
29146
29895
21758
17138
16210
27606
29416
4029
27342
19087
13421
286
31232
24410
21494
28287
11677
16872
1012
16769
22259
17746
23503
18369
157
24753
19407
14695
21724
31507
18411
28930
27169
21132
5331
25551
22827
20792
23427
13723
363
17225
14646
21201
21403
4383
26848
4825
9485
6875
21088
23698
7779
18449
951
4544
9939
10945
12115
18597
29164
30119
22654
2056
6618
31477
11632
20308
24679
9932
27495
28019
14904
2854
12505
9080
26835
12255
11718
29339
30541
5833
13702
10401
895
17580
20255
22268
6033
24555
27435
4430
15917
6912
29209
3383
15590
31965
28302
31008
26526
901
24265
2753
13396
6872
4328
7366
14691
27492
9527
