12830
30713
1869
29192
8364
1145
10830
7498
3911
7148
18064
10210
4211
758
5164
31306
7729
24687
12095
29622
27499
31914
7650
759
10957
8601
19808
6593
1581
31885
17369
27821
28180
26246
8612
11760
9198
4935
22712
12148
4047
24358
27398
22947
27967
28433
22089
25579
24805
5403
16987
3893
27708
29315
2973
5217
7365
31343
3627
21228
6259
22127
12749
17362
14815
32363
13126
16759
8643
17997
6149
10636
20792
20549
26301
15416
15966
12520
22951
25572
4221
15809
24128
23419
372
4527
210
563
31427
7200
2199
1567
25656
20727
15857
17207
236
7844
13859
19217
28288
12941
20599
25659
1603
13225
14506
24778
8434
11230
14380
23808
12539
24274
22545
29735
17241
3140
30216
7215
30519
20001
32458
2941
27772
22704
12006
11152
9918
10837
15543
8573
22216
8427
16113
28690
28212
6858
764
5358
15168
3461
8567
15682
28589
1492
26712
4721
29906
26057
32073
8797
21272
32316
27724
13469
30579
19161
4811
3258
16257
2585
16915
7816
16718
16923
18160
4248
14682
2594
29551
22094
26142
29980
24010
20710
22889
15203
6255
23864
23149
23236
9530
22999
27347
31857
5171
17622
6043
29269
21427
15282
29786
28817
5234
1183
8990
16396
31637
17571
21686
16657
5126
19112
8905
4225
24309
360
10107
7970
19518
11124
10242
28775
8226
25597
18367
30237
8572
29152
22668
32574
6459
16467
26187
2069
17955
27852
29755
8016
30688
15844
25492
19506
7482
2720
16618
31612
24444
1033
16729
5844
23774
7259
15234
2566
28173
14524
31887
12766
7294
27556
6588
23268
29499
26204
29344
10975
14283
12668
29999
11653
8576
14562
14431
15854
29525
5868
14005
25892
22237
29374
25408
14558
16496
21970
3848
765
24011
23111
13709
31201
32464
18373
1319
7697
5900
20756
9792
2807
31874
22849
30070
16645
25117
3579
32598
6016
2308
12280
7013
22205
18771
1408
26964
21875
14863
40
7225
12229
31598
20343
25105
29950
5929
12027
11153
31202
9252
1746
5288
29975
22466
23251
10564
20368
19486
5200
11651
17047
924
12116
4447
13169
3602
7611
14137
13760
11557
8341
28165
17127
5585
31073
3546
11649
11415
2816
1679
22923
31681
1219
31445
30939
9611
5807
6143
17355
3133
15758
26768
30149
4303
21389
31460
11861
645
12058
1003
3954
9787
2814
23670
32039
14744
20341
22316
10853
8474
32273
22795
15728
19443
4560
12911
22263
16583
4883
26480
7636
6306
24791
5394
5715
27251
24916
4025
1707
2863
4677
7806
8908
16796
1453
31611
4848
3198
31204
8621
14685
10850
24207
11352
4656
20459
6418
8689
10799
4961
4721
25841
23090
18795
23666
27941
29986
13005
20357
25317
26328
9489
10196
28901
31922
16534
29571
15589
12547
2801
737
24210
31386
19295
31449
4265
8010
1815
7028
9158
26375
18340
6548
28786
4548
49
21836
4055
12794
25910
3975
17245
15950
9657
16205
13198
20415
9039
27158
1690
8599
25903
14908
22163
27508
24925
22632
22529
28406
30024
7800
4721
31512
13099
8981
27938
30626
24890
22756
11689
1771
21872
21988
5419
612
15311
22994
5335
19729
20084
18211
3438
19863
18442
20622
23002
13717
7226
22119
10633
8954
7619
15867
22448
16434
23645
32120
29813
21640
29345
19675
28028
9737
20356
15864
14815
14189
30341
20132
11716
15960
20572
9487
17612
19084
27999
6132
21771
1521
24259
7701
16286
24180
15612
5372
1622
15388
7899
428
2326
8768
28421
26328
6761
9019
8643
25276
32514
1721
3579
32040
2913
20607
26566
14591
14464
8218
16784
11574
23283
11029
8868
28537
5861
22454
17135
532
5585
8254
32282
10105
7260
8459
11597
24524
27678
21692
14281
17163
17434
21197
12384
17049
9336
1642
15084
4811
6851
19780
20338
3993
12225
18557
23122
26431
14119
11958
23274
31590
5266
7281
634
29224
25467
18530
28969
25701
17752
25090
14740
18580
6303
5262
19145
28518
17065
8750
10115
18770
31383
32170
28141
12377
18603
3214
30022
2980
1477
5126
13955
5845
21677
24457
19485
8459
7309
9996
12061
18780
1142
10067
29459
11467
28270
17052
24467
29129
29123
2181
9080
15948
10873
13123
9174
29402
30233
9178
4995
17573
31251
6159
13623
1417
3084
9303
9915
27921
13355
4266
16927
11836
3287
20554
1842
10901
27756
21200
30023
13242
8736
6297
12898
26013
28687
4672
280
30974
2946
12244
25407
32425
12082
15323
25980
1646
29172
4287
9998
24748
23767
25853
27281
5324
10912
6280
17675
9160
21689
31047
32198
2226
4957
1062
1699
26550
11367
21719
19622
20284
6296
30828
17812
18806
15747
7446
27609
9063
32002
13189
13020
15484
3736
15132
27729
26670
26098
9384
12091
27178
18497
25035
7879
16395
28109
23193
9443
30840
26608
30271
32273
20621
9916
18725
23047
19444
11254
21687
24050
24025
29710
28240
4737
7878
2361
19133
31527
3878
25784
16040
14884
25957
26634
5524
26337
5302
27714
13738
895
13781
24716
20681
26993
8846
24181
4003
13962
24753
15776
4471
26307
12876
21080
28138
25279
9117
22419
13033
2432
24167
29739
31026
3317
994
10289
21498
8335
25604
1734
26843
18289
2946
20078
15256
6504
12398
10162
22356
32145
4397
18358
18512
14506
25526
26034
26316
3102
16243
25508
22046
10721
9542
20942
25177
25248
13224
11597
18495
25751
21223
31037
25045
15023
25201
9996
9820
15041
2188
17684
21117
17121
28868
31399
13542
13494
20140
14586
31583
15228
9535
30788
3898
21165
13222
11348
32603
29160
21422
29319
9889
25999
22572
21229
4332
8226
27682
18616
23829
23305
22576
5671
10672
10836
4733
1584
25707
27683
3452
28692
23833
26542
29968
11178
20128
14916
32490
29785
18937
13217
27193
28204
18907
4093
1582
1339
8379
7970
13065
23501
17271
25630
9653
17992
28538
250
15883
2677
12976
31416
9111
20764
21331
9063
24848
5109
25784
13995
18740
19507
17585
28922
26975
918
18957
23256
25761
12288
30413
16825
4776
31683
29773
12352
1335
13074
15776
3385
15637
29268
11230
17168
1356
31136
10957
7171
25572
27499
4601
4806
20290
16823
31925
32642
20878
8168
27602
30511
23008
19526
11577
8403
19702
23695
21479
3046
1194
3435
4167
18075
10995
1
2166
10272
6011
15411
27476
31754
8572
12422
21968
9310
26228
5481
27846
3024
23290
305
26139
10291
22222
18460
26674
30328
2927
24643
30429
20620
28147
11532
7067
349
14175
31469
323
9394
32437
26051
10791
4042
26261
28305
16035
2061
22415
3860
17632
27522
20327
14987
21717
12095
28691
15123
32685
792
27222
21046
9420
2428
19333
19536
20462
26158
11935
264
27807
5583
7999
32628
25121
9920
11592
6503
28188
3733
11243
31664
11297
26386
2301
18410
10454
10509
26708
5655
3175
33
11540
19178
6178
32639
16450
20115
18993
30803
17817
3231
28214
22325
13522
2012
11916
12587
10805
21699
29204
8076
26720
14156
10154
10316
25075
29353
29468
21907
22194
1586
26436
30018
187
12448
6081
19727
24287
20114
8943
7772
28914
16949
25511
3563
27140
23294
3149
20936
21310
25343
696
14241
24932
17722
10086
20916
15490
15800
15038
13746
28201
3376
7165
20681
2804
19778
91
11305
2899
19564
8683
6482
10010
22098
30747
29314
1808
26838
4465
15017
1132
8682
10202
662
8505
20902
11456
17961
2470
4252
18167
12132
32264
618
18857
9063
1261
6839
14988
3336
20939
10950
24049
7848
20792
1104
31225
26734
11323
1853
28006
25571
9624
18414
6190
10783
1266
28249
27697
23914
8254
30914
22472
26961
26816
18792
26873
29775
19582
2255
28569
30539
2619
288
3692
3950
20620
18006
2776
2294
2200
24592
28711
25285
20253
8239
5522
29169
11835
25221
26654
16691
21557
3116
23466
16922
25039
12777
2975
11414
1613
24393
21095
17097
24922
12588
5367
12491
7838
22077
24720
15551
24921
18677
807
8137
31086
27279
32516
10783
3483
206
1745
24910
808
27708
12665
19931
11003
32557
6408
8625
9601
30956
1563
6231
5451
18337
24280
31841
26067
22925
25814
22725
5895
1631
29907
29527
30556
1446
29232
3022
8759
3291
7907
3089
26813
8642
7679
28482
13609
17602
16055
3589
14002
3731
4126
26702
11083
5268
16749
12200
26187
7974
19665
30452
23046
26495
4216
27097
22107
14185
11021
12086
20557
14245
28591
4786
14634
13315
32747
16945
23198
30977
28239
13021
2120
30171
11092
19938
21198
11248
30056
21882
25951
3357
14703
28843
16163
24791
28915
1747
15051
9675
2262
19752
23120
31454
16028
5922
26580
13415
6071
16784
10633
16155
9420
28156
24451
15548
7199
26374
23449
19212
10921
26370
32421
15735
8775
15500
10314
20418
1973
12851
662
26977
15024
13033
15482
18482
29714
6338
3053
21115
12041
13194
31758
12064
2954
13073
18142
14092
7270
12409
10469
4304
31102
7106
13918
10182
32526
17948
969
21546
26078
2791
29030
12578
3119
5533
9751
23358
3608
9171
3755
12347
8370
9307
11394
21273
13511
9483
19242
22314
18488
5268
12993
19883
22689
30678
20501
20158
19456
26155
26047
14595
4464
717
11664
31345
17083
12658
28716
12551
5706
9872
21784
21969
12389
29870
6854
30954
31555
10347
25556
18633
8762
21836
16574
13356
21775
4178
18316
32094
25482
9034
8415
21519
30467
4555
20478
29491
17046
25227
27313
20527
6411
19481
8696
22178
26578
16237
25586
32439
21820
10755
28220
18137
2324
12838
32755
1123
16537
13919
13667
6441
31367
23230
11993
26028
9187
20344
32248
25151
26594
19917
1278
27571
21728
4952
9289
27875
24657
17472
1020
19437
23431
14020
18039
30983
22536
6339
25888
25199
15249
20002
18481
16191
30892
16821
3461
15909
8089
6962
15529
14158
5674
23661
18544
24813
10557
5916
32137
29486
9048
4937
19198
4005
21268
3711
28846
23703
2519
12888
30446
20221
32323
8504
15919
14381
12489
1463
30461
31407
8071
31598
20002
18278
14671
8485
23628
22503
9463
1132
7552
4930
2949
26968
28303
8923
13458
1115
6150
3329
26561
32582
9124
11615
29000
25183
4521
18425
30235
10900
4699
28628
31960
30233
11826
29016
29309
4599
13480
16793
20898
11001
32159
6640
11814
26979
11616
12120
6298
21814
7576
16938
31098
25972
30710
25695
26903
7605
10709
11549
1817
20545
2882
22867
9072
16320
13549
23071
27090
13186
18446
15135
17634
30016
2169
6199
1831
28319
25025
3153
29362
9174
3405
5831
1266
26515
8362
18711
13141
27479
28339
21628
21505
16118
16123
9310
25712
8198
1988
12155
23512
836
1633
2638
18849
3010
14446
26902
17207
4057
8417
26643
5378
27780
542
12792
20180
26218
26572
12701
26535
18365
3671
4279
32070
21822
3382
32639
3398
17180
2266
25433
15934
1529
23379
18908
11117
19832
18331
25085
22031
8287
5739
8976
11538
21745
29622
21185
15942
11327
9468
27030
13044
3800
20366
10688
12532
2928
1579
19058
8057
3187
10804
2267
8946
1022
29325
21576
25307
24388
6083
19894
7162
23466
16345
26349
9108
4194
20384
12814
29295
6494
3436
22989
16531
15629
23238
14809
12617
30440
12729
14405
28992
20630
29651
23268
20809
16718
14862
16926
2794
24104
24957
11332
20438
14448
2917
17715
26520
21907
27081
12105
3624
1170
11556
14032
18799
22621
1799
8267
17088
6447
3148
8331
14304
531
29773
12849
22869
8222
14028
17716
12524
31836
20474
21029
19884
13442
30293
31712
23331
11172
20971
16118
17134
26414
12479
8159
7508
16648
5486
3611
27403
20968
11154
20683
3481
3415
8876
6618
30400
5221
19288
11137
24453
21247
11854
19031
13133
17722
10990
10126
32161
7337
15185
8212
22705
3315
24199
13881
30487
17901
5100
6937
17719
25895
2181
10942
27710
9610
18887
25179
6483
19913
28657
28909
6907
10790
23235
23497
4603
12647
16267
28199
25035
5093
19836
23501
12826
27449
12699
25112
13644
25822
1979
10471
4961
30369
1197
19323
17322
1251
3532
28261
24727
32585
27146
616
8266
1678
2984
25306
31713
14851
24861
32690
13477
25457
18179
25830
26570
22103
17480
3774
31364
7875
27073
15663
13688
32106
5526
1098
18446
11614
21491
6899
8472
27125
31628
32398
20644
1176
16295
5897
1198
28007
13046
27341
41
11833
23352
30315
6152
32607
31251
14141
17348
8483
18988
21764
13345
3793
2355
7563
27294
28291
30635
13883
3708
10685
25086
5621
17114
7086
23961
14521
6366
22671
23309
2853
21848
11549
10407
11589
10899
23769
25648
10389
4124
19625
5916
205
19055
26013
29211
28649
23272
31702
17477
23176
29082
29823
5612
1481
9424
7140
18103
24958
17277
30564
28951
16920
4939
23631
8416
8792
26827
5285
12480
15171
28406
798
1244
18507
27437
32140
17641
20736
13569
6604
22044
9418
7634
31485
5931
18923
7791
12535
952
29483
27101
30447
8535
1648
26052
26867
18665
30181
11381
119
17023
22145
24661
7644
2100
14682
2381
23772
17100
3872
23532
32657
19169
7891
21232
12969
13814
19361
258
19529
10771
6010
30088
25176
9922
23113
12447
20727
20177
21191
18380
26504
23109
17092
7238
32024
31783
1227
22032
24933
20817
27439
1276
30185
14745
2534
6585
2585
17412
892
3857
30204
17182
8310
18792
1314
22904
5715
21015
801
10244
19601
8313
16162
6791
20961
12536
5981
31496
32133
22358
7461
5999
6515
10499
17506
14570
22038
6568
8423
17406
31944
2129
9504
12662
23047
9871
5549
21979
25663
2129
12426
24030
26331
25719
30178
27356
21902
425
8014
26874
9035
14967
14654
21160
21295
27127
10066
16717
25015
28072
981
22076
22374
14089
32579
24768
10993
21221
22237
30664
4830
20573
19539
13898
1449
18470
2115
6803
1778
6575
20193
21445
28470
1310
16798
5653
174
29476
1818
26764
356
28918
39
20851
12868
19106
31948
640
26225
25257
29641
21516
15547
22521
26715
29752
14825
10131
29070
23998
949
14762
1772
6633
26378
26594
19327
7832
14350
27869
23624
7846
18152
194
25981
12061
25276
608
17879
31638
28732
10417
6802
2255
4791
19481
18274
20094
21950
2554
20878
3787
25635
30323
19069
10917
28623
19440
18196
9916
9723
23822
27740
23718
17426
8733
15307
24743
18284
13891
10404
18265
22946
15763
20151
10161
4788
8123
29583
21308
13464
2672
2675
17197
31503
27106
14840
6511
1760
1110
289
19227
723
13817
9216
15077
17128
26043
32136
8388
26012
8402
29431
29307
3138
26205
11761
22523
27100
1996
2085
30443
25345
796
19025
21305
1935
26951
29017
26372
4654
14578
17381
8319
17830
13086
15138
27382
1303
27858
31456
13275
7599
3357
11868
23920
9058
12430
4607
15057
12488
14609
14656
18771
2952
26605
5480
32310
25978
18801
20606
13395
21774
18090
32113
19232
19968
16353
27680
19897
1433
16783
15086
4677
12866
12481
27851
24668
30459
32563
7892
8987
3339
140
14536
9972
15131
7054
12090
21331
12169
6785
18310
28658
12105
1425
16180
9956
28813
22706
25303
25836
784
19422
303
23471
26775
13159
21760
20823
26282
19837
8587
25859
18645
22689
31322
30049
30806
8659
18898
19707
18823
25085
24090
12118
30484
25423
30811
22509
20487
8236
18263
32602
13996
7174
7171
22788
28344
9471
1338
29428
16137
8451
7890
6402
7313
17819
4816
24326
9209
31909
27235
19777
4967
9672
14865
26500
16392
6446
24020
11396
21667
22782
12099
3094
11312
12961
17928
2356
3418
25083
31895
28709
18843
4848
31971
28069
14529
19542
28938
25970
15906
25806
17857
18020
2288
28223
12230
18997
31564
1148
13385
26210
121
21192
26226
2488
22756
15196
22995
26694
8288
7359
2182
24751
16314
28241
19423
20326
1810
23758
11312
19569
24569
32724
22401
1511
22143
908
6663
29463
8941
5608
23778
8175
21892
9339
24268
20400
29374
20892
10712
26376
24869
4978
19333
12162
8368
12034
28825
9376
22191
13188
16029
27118
22034
22953
17563
25884
24221
27021
26674
2155
32224
22551
710
24663
5560
9744
3724
21091
8516
18041
29898
17163
14843
23612
16298
25494
24167
29669
5524
18894
9093
13150
3250
15016
4265
9316
19095
8047
26498
19338
2030
21526
9827
24821
19279
22674
31231
133
24994
7899
22946
20877
15678
2628
20636
20533
31096
23590
31894
8254
28114
18227
4059
9051
26895
7330
9029
24661
16733
29322
28059
3014
17339
21442
13973
11880
30819
1177
30734
9292
20926
22666
10639
3684
26257
5247
26787
28637
29122
7029
20531
32102
20752
16337
31929
3370
7931
19697
6625
9228
18804
5235
16892
20367
3420
18983
6335
222
7416
480
28986
29003
17980
19390
25994
756
1170
12484
19497
28343
125
22030
28984
26968
22512
4885
27608
23398
9944
103
17798
7505
25087
32403
13372
11365
30817
30279
24870
23012
19344
1593
14744
20477
17288
18273
26274
28977
31555
15095
2311
27707
23460
10454
10360
12832
5436
20354
15179
4486
8269
25170
10645
14596
26187
26172
4888
14986
1226
3448
24364
30802
9729
17312
27026
10316
15295
10080
20431
21948
13
12548
20290
12239
32748
2039
6008
3291
12610
3365
11569
17407
19240
30272
2374
28818
24515
18782
23098
21361
17612
25024
21766
8953
12367
17496
16121
30457
1325
9193
25166
7293
9533
3930
1142
11302
16926
3302
5912
28186
15502
16478
32116
7778
22701
26745
11812
5261
26667
13827
16006
6773
7687
14729
30564
7140
19658
4709
220
8842
16990
27753
10983
32738
4969
12342
19932
28290
22701
1282
31172
2194
17876
7576
3374
5849
11086
27820
25903
16632
4471
17356
23728
576
31756
6385
19747
27101
626
20632
31308
22448
10337
13457
15194
16480
3910
4616
3758
27745
822
9753
23667
10744
7599
31916
18481
24099
29834
19774
19085
11903
27963
27303
8764
17588
14044
283
25223
18798
11574
21957
9378
25923
21289
25305
21832
9904
9360
6817
29151
9156
30334
4283
17051
31368
6501
77
28258
5797
31110
4245
1047
12081
5362
19729
27142
60
12642
16135
14688
8585
18284
16092
5727
5317
27383
22593
23682
1540
5345
31774
14327
28347
1382
13964
25542
10897
27803
20684
16998
22014
22734
29443
29237
6039
920
7403
12584
23029
14918
29532
19608
20623
32027
20578
7819
31100
62
3405
28629
25238
5357
4870
10164
26234
2400
11688
12152
11119
20173
7190
5512
28279
1181
821
25589
15268
16676
22660
4857
21613
26307
19103
25409
7299
5656
15239
21958
25629
31003
3019
1807
17295
2916
11857
27150
28343
31594
9892
32374
9877
22551
29551
16859
19182
32371
27818
23646
28367
3118
27740
18725
29022
29415
30311
12298
2605
19870
28117
22750
1102
27726
4471
29743
4287
16720
7508
12622
18032
4230
28305
10661
18252
7173
21157
28437
10852
24686
5517
10724
30958
6752
18744
9427
17401
16014
8029
22314
24605
23974
27861
25834
25865
25221
25588
18850
27883
912
15400
2756
5001
21969
18885
29337
14666
365
16052
25262
15306
29188
17192
12194
32667
24370
27778
28628
26072
26707
21715
9125
18306
27441
8749
25512
32515
25783
25353
13197
12982
1562
28683
14859
19737
29995
258
26841
15436
16094
1097
31531
27171
31043
26638
12225
23273
9533
3987
20672
11669
23358
31896
14622
14589
7132
11290
9372
17214
18398
25671
4562
6207
32649
14109
7227
15572
8982
12577
14962
24171
31068
17409
18536
31521
21308
14641
3377
26912
21175
14043
9431
15787
17874
12543
4708
1650
24469
26704
5793
25463
27636
14441
4746
20492
6407
29144
30038
15693
15032
22745
14964
21682
15834
3148
30412
8418
30882
31379
32156
21909
29548
4435
8501
23895
14418
17845
10348
32341
21754
10401
5667
30428
13460
10615
27896
23068
4895
3018
15554
3505
10848
11936
13665
7347
18707
17960
7044
8518
18747
24598
5008
9922
20693
30350
7521
28699
12764
790
26272
19007
10556
19311
15882
23534
12665
12477
6225
10645
17350
12565
8004
19429
27679
14421
10399
2350
29626
31585
31363
27433
1693
24139
14160
2421
4687
21995
28954
14352
24752
8242
2700
4616
2840
2391
23385
25848
31074
22051
28155
10393
11868
15386
11683
20062
18267
20633
16848
1187
7334
32274
6029
25568
19249
20124
13297
20901
28014
29918
16625
12985
26364
24285
8106
9871
18689
13236
16012
12466
10057
25039
9031
14917
23271
20626
17951
28476
8093
7403
17792
7710
26193
2799
3309
22624
14862
12137
24531
18410
30444
14760
25555
30466
31762
11782
11606
4940
8032
30230
16744
22712
23961
12603
26797
25771
27622
3906
23851
21198
4095
30596
18629
21753
20510
659
21783
30137
4650
16170
979
12401
5861
24548
13022
25496
19337
25022
18611
12472
15503
1115
6118
21606
11794
21727
22366
32262
145
29833
7403
23779
32275
13290
8937
18093
9589
23269
15310
30252
31702
25725
7393
21820
514
1021
6900
11028
28341
2735
11619
23628
13176
12811
13913
19131
30762
25013
28094
7630
30846
18506
14646
17487
23688
14991
21238
20058
10568
29808
10641
5002
488
22476
27562
3229
20644
3363
8242
32183
13267
9624
22350
1012
11782
13135
25351
14118
25250
15321
25712
11547
26629
26897
7524
14184
14347
14292
28493
774
19509
31936
19121
22946
24054
31739
17005
12700
17929
13611
16666
24558
12313
27315
12451
21426
9009
3279
16595
6604
31168
28697
21231
29423
29761
8831
29394
22076
22217
17506
9731
22480
22401
32365
24451
14221
12455
25943
24331
32213
17
9890
6083
14484
9744
15278
26726
17907
3767
22111
9568
31263
20076
27471
16288
21516
5611
21309
5043
28985
32247
12858
9327
5095
23843
18951
13651
31895
17876
13725
12423
19468
25182
19902
14149
20888
10235
1884
21620
13022
18799
24375
21032
27429
7528
25948
18283
32518
6302
23735
8956
5335
32325
7304
28402
5400
59
31530
8936
26916
24277
19556
25003
32081
31693
9054
10023
14410
22108
27056
26978
30577
29541
13896
25468
5709
20648
8358
14146
11006
21542
19765
30549
15612
4204
29323
22524
2940
8464
23327
32092
20924
19934
22288
13870
10558
23731
16917
17523
10644
29240
775
5589
11283
26105
6282
15145
12255
2065
18021
14303
21946
32565
8379
5697
23293
17788
31772
13071
28779
20961
25290
2715
7742
15934
10751
30928
29491
28071
14675
18046
17595
10696
14122
21836
12849
2762
276
4969
5911
1152
17979
4044
27365
3663
10784
21464
16883
26517
3175
30604
23954
27056
27858
27679
3820
22175
3385
25111
29461
13216
1959
15176
9913
5325
15778
32429
12936
23172
12696
15699
19895
27757
3974
29341
20325
7094
2732
20777
32108
4931
19024
203
15471
27477
28162
1727
2798
12407
4823
11440
11114
30504
9365
27923
8967
24888
18990
28772
25777
24433
8148
29379
6022
14296
5689
20215
1528
3761
23771
2155
20383
2044
22988
1358
5743
2487
28690
24386
14013
1337
2867
32513
15043
12713
31452
13150
2813
14726
10955
6656
9179
11733
22665
15844
7215
28669
6418
6272
14888
26727
29751
30298
26062
4294
24360
26371
16379
16590
19743
3056
30368
11803
11702
20575
13470
14046
27771
8289
28289
12833
23859
25222
4167
23848
3920
30154
26932
12164
24109
13028
13251
8253
8651
20557
6997
15830
32246
17538
28556
32564
32415
10230
11456
16576
8033
27480
298
9702
23894
25879
32458
11757
31394
25018
17411
18517
26586
14008
7670
11411
1099
1820
24165
23647
846
7431
25423
3097
25250
19126
13462
8799
26367
16002
30378
14216
24696
5142
29755
1440
5770
244
17365
29837
29355
26608
24148
4115
9353
21455
5090
12973
8586
13492
13836
4488
15420
9258
2336
20700
22397
29191
28800
4746
30129
23853
24884
22787
6811
27859
12962
26162
7345
18638
6115
32712
25551
32423
25511
15273
3497
5279
32061
28066
25058
30299
11205
15305
23196
416
29432
5831
3422
21213
20616
14505
12295
20594
12089
28695
16422
14911
19465
576
23276
29422
16798
18365
2307
24384
13933
760
12445
25889
31703
19
8197
460
13294
10152
15424
24809
2745
6203
1906
27337
1681
27942
13180
23049
25012
17458
27349
31661
16685
15026
13775
19481
7282
16679
5208
31370
20810
28441
10123
24479
29495
19384
27000
27830
29087
14360
25253
6147
12141
24787
6119
6805
25094
20196
8262
4078
2165
26516
26514
18107
20793
5821
2109
5024
12456
5859
24021
32044
9657
16454
4127
10347
20484
4777
21658
30891
31724
1696
8623
7209
3734
18285
8423
25497
8361
30280
20284
8463
9948
21396
23229
27228
6993
10568
150
11533
20407
19870
703
30809
18401
17812
8219
11062
10759
27781
18989
29605
10049
16518
24848
3993
23889
9815
29573
19352
9278
9358
14436
25165
19632
28154
27668
16604
18809
289
15716
4529
14064
29566
11268
24658
23164
21098
291
29930
23903
18632
4844
25198
28065
7653
32150
14128
23502
30361
4213
5513
11307
31934
25536
28742
23959
2655
11719
4640
7943
9079
326
23182
23012
19896
12485
780
18262
3546
6414
4454
5207
5487
25860
4391
21903
20162
25800
15484
11987
26924
6654
11159
3771
16946
2508
32131
19846
14504
26322
7915
32728
3277
15393
18828
23416
20337
25129
11310
10857
5578
20179
10421
19966
4003
26092
7527
3342
12137
20566
23742
24890
26283
4353
12544
18528
24684
2397
30448
17563
23154
4090
4560
3520
5251
16580
24809
15406
19809
18341
25141
12063
17191
4459
