26784
7138
11010
6967
29450
13678
32377
22428
684
10298
8669
23906
25980
14656
6352
4480
32693
29007
14652
11320
19471
5818
18556
24351
10372
31887
11130
25412
14828
28307
12114
19396
26576
10199
16706
22195
16250
8790
7949
15614
31888
7245
2489
30709
10454
8755
3165
27269
30474
28610
21999
26218
24702
19945
6639
15062
25285
4491
2310
13796
23321
640
24808
16330
5333
25561
26359
2030
23121
15235
20401
12850
16520
28810
20368
9873
15227
16058
657
8136
22435
21898
5177
22419
8817
28051
3186
20208
10453
27857
23296
4449
12510
25315
25370
29052
13462
8578
9423
13138
3670
21486
25948
18266
1566
26580
17568
1479
8965
25803
1970
22106
19846
30267
21034
25135
15417
3457
18913
4092
14927
29325
23954
30043
24223
20456
18219
9305
3342
21231
31378
16032
16163
23866
13946
19166
3549
19787
9281
29913
1328
24175
1699
29122
9054
3847
15849
22154
22804
21534
17043
28803
21176
19745
1000
11997
20682
15149
22976
2864
9952
31802
2403
30991
2177
31299
28040
11299
2600
29359
2814
23786
22803
16212
27785
18263
24205
20214
6209
3153
27216
23046
31267
21374
12293
25482
20739
16709
23856
8623
3373
23044
31760
7439
5851
9260
9102
27507
719
3340
20067
26156
2696
3878
22834
9135
31805
15762
28131
8589
19742
16453
7206
23337
7190
1789
10779
29936
26250
19626
27375
18423
20069
26290
23685
16488
7062
21349
11122
2295
26455
19480
904
29528
24359
13476
21244
29985
7053
780
14415
29814
11806
30320
3853
18373
2388
15872
17794
9410
28596
23185
1791
6732
7375
10091
6657
1201
15020
9180
29443
5412
18503
25024
21275
21018
29636
4464
10100
1984
1445
20066
8978
5081
21347
15611
13047
6831
8010
25700
8901
4376
32733
20764
10795
14456
32127
29202
21077
4777
28999
15565
22338
27167
25915
11948
28186
13706
15573
7591
25203
8407
21757
31263
24569
12465
23013
6780
8298
26714
12306
19477
8426
6944
7898
10824
7880
9231
2111
10510
2712
9538
26914
21958
4023
28354
9915
28995
5121
27842
28989
1888
28916
19762
15165
17915
13310
12129
23350
21496
656
1181
8137
29371
3531
16512
28737
31425
19898
13726
16809
29173
20300
17191
24627
27510
25404
21107
20589
21166
15048
25029
4891
661
13884
21797
6961
20688
19659
23809
9289
31988
15960
22511
10505
21197
19708
31997
28236
5917
7441
6005
23240
20389
31701
2673
13939
1936
13565
3832
6169
17794
12923
26504
24407
3369
19131
24477
25302
31815
23531
26750
28675
12564
18332
5505
4411
400
23489
11858
17932
32114
6583
4702
111
10601
26060
1598
9943
14222
32233
27997
8826
20401
15634
7055
7189
26546
31356
1563
3681
13686
10862
27570
6548
29599
32179
16868
4215
15176
8917
28676
14536
7097
17319
20080
17204
23984
5964
22799
14703
30277
21560
27351
9109
22590
7282
7459
7993
6239
23074
11567
16621
14616
1136
6766
22271
18551
11458
13208
28466
6172
3895
8682
14066
1036
23611
18942
2830
27039
30921
8629
6313
10577
19462
19161
18393
6853
19608
23961
11021
3214
31000
16810
13519
17391
10964
27879
32624
18962
2376
10075
4357
10494
261
11862
27217
17182
10501
22788
14523
10584
6659
28394
2220
29179
28353
4561
29556
4573
2278
27388
2151
25527
20423
15434
29420
13658
1113
15729
30429
31291
485
10937
6193
30233
3453
14411
29225
4288
20533
30571
23761
24918
10235
11435
25713
30069
32698
21615
25452
452
17895
6112
6385
17277
28020
939
29871
11188
21960
5954
19192
15751
17726
7449
4010
8404
27792
2708
7385
6927
5864
5648
4901
11112
24270
29080
20943
9927
32286
1557
9364
11850
21920
7155
16945
26952
12959
13516
3867
23315
1485
32034
27203
6151
12383
20338
28988
15162
5538
659
20698
25492
14503
10509
16056
20284
8986
16683
10886
29377
4697
21994
8077
6872
14330
15126
18583
3651
9127
1772
18083
10143
26581
817
20720
28535
5157
20848
14007
30091
14947
4483
26737
7971
26649
353
14083
18427
29806
12428
23926
3734
14966
29327
24053
13276
27869
27827
13332
14300
6517
29931
17926
30367
31752
18754
14794
7959
19368
12829
25390
16034
14421
1258
26276
20291
24770
2204
22737
9419
20985
31117
24566
11862
20739
20210
7170
9037
22192
31983
24973
12650
22345
22235
27387
21063
1816
25523
17095
18007
16053
10074
25463
29570
12031
5392
10028
25994
1987
22287
26140
1080
6988
14609
19023
25982
26357
2697
23791
2619
316
10445
23787
5357
2896
23996
4942
12600
3752
26969
6222
23430
32626
29567
21758
18638
8318
21129
30090
28732
6015
29084
4125
8234
25427
32738
9193
22035
22031
12202
27408
2555
23891
9501
28772
22561
32725
14638
16601
7114
8198
4589
9688
10194
6438
27603
17879
21452
15039
6085
17748
20306
17211
2505
13398
10439
17611
4667
14998
27327
21209
17569
31119
20379
3832
2964
23439
19486
1905
24664
25227
21864
31936
19823
3729
3036
21953
9869
11002
14726
16538
25584
26476
5618
1128
7373
12500
24897
15683
14934
9653
16714
770
18333
21468
23077
21807
12920
15026
21686
8919
4431
31073
31545
13446
28422
15950
8011
5030
5642
17950
14515
10806
2365
20637
12677
21668
31998
23128
26021
25307
16951
23636
26489
26980
32736
29536
18261
28837
6931
15164
7022
11097
1117
17964
12046
23874
26738
15383
25608
885
8296
21843
23132
5140
20838
16294
26876
20940
30961
20562
4023
3419
28221
11082
23175
5223
18189
30846
14663
11574
25818
27875
30817
17849
21251
17522
21398
31185
12256
18368
21962
25495
31980
2379
30445
29302
16339
25361
8728
12877
7074
25188
19333
24443
11042
26048
23501
14536
6381
9012
31547
31912
8055
27786
11377
1914
10761
32617
3175
2211
20780
22835
31547
10518
11185
6908
28066
28957
27040
18522
25680
29523
2234
5391
20876
4161
23532
12934
21273
12201
8613
6541
14334
21509
16328
1493
9403
5475
19340
10274
30046
6285
5547
21608
6786
7668
22671
15905
15059
19185
21774
26040
25657
3523
7279
26744
26164
1224
17328
12453
28667
2970
26856
4508
20315
3832
5414
9693
29239
17788
9113
15957
2768
5546
30262
7702
22544
21448
16814
19763
5518
23941
8875
11428
30840
18951
15353
3971
8312
30751
29100
1481
1660
29863
19705
4224
32740
