1630
14753
7495
11245
23499
30258
21763
19791
7727
12516
19919
30034
6575
18764
11743
8320
27311
3781
18490
32167
5214
13847
11646
19868
29688
9206
9390
9312
10319
27225
14759
7428
30973
12473
17224
13650
22019
1717
30889
17384
16643
24230
5547
9238
12368
24263
395
23103
27312
19381
28717
22866
12714
20288
20316
24495
11425
23558
2442
4906
768
7502
5861
24728
15528
22997
21143
22960
27506
10219
22230
17744
15458
3631
31175
11102
28935
13360
26036
23429
20141
3822
25379
21161
447
27387
19601
883
10399
9786
23290
32264
1935
29179
18164
24519
14278
19460
20607
30490
